# JRE version: OpenJDK Runtime Environment Temurin-17.0.6+10 (17.0.6+10) (build 17.0.6+10)
# Java VM: OpenJDK 64-Bit Server VM Temurin-17.0.6+10 (17.0.6+10, mixed mode, tiered, compressed oops, compressed class ptrs, parallel gc, windows-amd64)
GC Precious Log:
 CPUs: 4 total, 4 available
 Memory: 8089M
 Large Page Support: Disabled
 NUMA Support: Disabled
 Compressed Oops: Enabled (32-bit)
 Alignments: Space 512K, Generation 512K, Heap 2M
 Heap Min Capacity: 100M
 Heap Initial Capacity: 100M
 Heap Max Capacity: 1G
 Pre-touch: Disabled
 Parallel Workers: 4
Heap:
 PSYoungGen      total 11264K, used 11258K [0x00000000eab00000, 0x00000000eb980000, 0x0000000100000000)
  eden space 10240K, 99% used [0x00000000eab00000,0x00000000eb4ffff0,0x00000000eb500000)
  from space 1024K, 99% used [0x00000000eb700000,0x00000000eb7fe900,0x00000000eb800000)
  to   space 2048K, 67% used [0x00000000eb500000,0x00000000eb65a420,0x00000000eb700000)
 ParOldGen       total 152576K, used 140178K [0x00000000c0000000, 0x00000000c9500000, 0x00000000eab00000)
  object space 152576K, 91% used [0x00000000c0000000,0x00000000c88e4850,0x00000000c9500000)
 Metaspace       used 83610K, committed 84864K, reserved 1130496K
  class space    used 8098K, committed 8704K, reserved 1048576K
GC Heap History (20 events):
Event: 18924.714 GC heap after
{Heap after GC invocations=5051 (full 106):
 PSYoungGen      total 11776K, used 756K [0x00000000eab00000, 0x00000000eb980000, 0x0000000100000000)
  eden space 10752K, 0% used [0x00000000eab00000,0x00000000eab00000,0x00000000eb580000)
  from space 1024K, 73% used [0x00000000eb580000,0x00000000eb63d200,0x00000000eb680000)
  to   space 1024K, 0% used [0x00000000eb880000,0x00000000eb880000,0x00000000eb980000)
 ParOldGen       total 152576K, used 131037K [0x00000000c0000000, 0x00000000c9500000, 0x00000000eab00000)
  object space 152576K, 85% used [0x00000000c0000000,0x00000000c7ff7578,0x00000000c9500000)
 Metaspace       used 83604K, committed 84864K, reserved 1130496K
  class space    used 8098K, committed 8704K, reserved 1048576K
}
Event: 18924.738 GC heap before
{Heap before GC invocations=5052 (full 106):
 PSYoungGen      total 11776K, used 11508K [0x00000000eab00000, 0x00000000eb980000, 0x0000000100000000)
  eden space 10752K, 100% used [0x00000000eab00000,0x00000000eb580000,0x00000000eb580000)
  from space 1024K, 73% used [0x00000000eb580000,0x00000000eb63d200,0x00000000eb680000)
  to   space 1024K, 0% used [0x00000000eb880000,0x00000000eb880000,0x00000000eb980000)
 ParOldGen       total 152576K, used 131037K [0x00000000c0000000, 0x00000000c9500000, 0x00000000eab00000)
  object space 152576K, 85% used [0x00000000c0000000,0x00000000c7ff7578,0x00000000c9500000)
 Metaspace       used 83604K, committed 84864K, reserved 1130496K
  class space    used 8098K, committed 8704K, reserved 1048576K
}
Event: 18924.739 GC heap after
{Heap after GC invocations=5052 (full 106):
 PSYoungGen      total 13312K, used 652K [0x00000000eab00000, 0x00000000eb980000, 0x0000000100000000)
  eden space 12288K, 0% used [0x00000000eab00000,0x00000000eab00000,0x00000000eb700000)
  from space 1024K, 63% used [0x00000000eb880000,0x00000000eb923038,0x00000000eb980000)
  to   space 1024K, 0% used [0x00000000eb780000,0x00000000eb780000,0x00000000eb880000)
 ParOldGen       total 152576K, used 133015K [0x00000000c0000000, 0x00000000c9500000, 0x00000000eab00000)
  object space 152576K, 87% used [0x00000000c0000000,0x00000000c81e5d30,0x00000000c9500000)
 Metaspace       used 83604K, committed 84864K, reserved 1130496K
  class space    used 8098K, committed 8704K, reserved 1048576K
}
Event: 18924.776 GC heap before
{Heap before GC invocations=5053 (full 106):
 PSYoungGen      total 13312K, used 12940K [0x00000000eab00000, 0x00000000eb980000, 0x0000000100000000)
  eden space 12288K, 100% used [0x00000000eab00000,0x00000000eb700000,0x00000000eb700000)
  from space 1024K, 63% used [0x00000000eb880000,0x00000000eb923038,0x00000000eb980000)
  to   space 1024K, 0% used [0x00000000eb780000,0x00000000eb780000,0x00000000eb880000)
 ParOldGen       total 152576K, used 133015K [0x00000000c0000000, 0x00000000c9500000, 0x00000000eab00000)
  object space 152576K, 87% used [0x00000000c0000000,0x00000000c81e5d30,0x00000000c9500000)
 Metaspace       used 83604K, committed 84864K, reserved 1130496K
  class space    used 8098K, committed 8704K, reserved 1048576K
}
Event: 18924.777 GC heap after
{Heap after GC invocations=5053 (full 106):
 PSYoungGen      total 13312K, used 759K [0x00000000eab00000, 0x00000000eb900000, 0x0000000100000000)
  eden space 12288K, 0% used [0x00000000eab00000,0x00000000eab00000,0x00000000eb700000)
  from space 1024K, 74% used [0x00000000eb780000,0x00000000eb83dc90,0x00000000eb880000)
  to   space 512K, 0% used [0x00000000eb880000,0x00000000eb880000,0x00000000eb900000)
 ParOldGen       total 152576K, used 134659K [0x00000000c0000000, 0x00000000c9500000, 0x00000000eab00000)
  object space 152576K, 88% used [0x00000000c0000000,0x00000000c8380e28,0x00000000c9500000)
 Metaspace       used 83604K, committed 84864K, reserved 1130496K
  class space    used 8098K, committed 8704K, reserved 1048576K
}
Event: 18924.804 GC heap before
{Heap before GC invocations=5054 (full 106):
 PSYoungGen      total 13312K, used 13047K [0x00000000eab00000, 0x00000000eb900000, 0x0000000100000000)
  eden space 12288K, 100% used [0x00000000eab00000,0x00000000eb700000,0x00000000eb700000)
  from space 1024K, 74% used [0x00000000eb780000,0x00000000eb83dc90,0x00000000eb880000)
  to   space 512K, 0% used [0x00000000eb880000,0x00000000eb880000,0x00000000eb900000)
 ParOldGen       total 152576K, used 134659K [0x00000000c0000000, 0x00000000c9500000, 0x00000000eab00000)
  object space 152576K, 88% used [0x00000000c0000000,0x00000000c8380e28,0x00000000c9500000)
 Metaspace       used 83604K, committed 84864K, reserved 1130496K
  class space    used 8098K, committed 8704K, reserved 1048576K
}
Event: 18924.806 GC heap after
{Heap after GC invocations=5054 (full 106):
 PSYoungGen      total 11264K, used 502K [0x00000000eab00000, 0x00000000ebd00000, 0x0000000100000000)
  eden space 10752K, 0% used [0x00000000eab00000,0x00000000eab00000,0x00000000eb580000)
  from space 512K, 98% used [0x00000000eb880000,0x00000000eb8fd848,0x00000000eb900000)
  to   space 3072K, 0% used [0x00000000eb580000,0x00000000eb580000,0x00000000eb880000)
 ParOldGen       total 152576K, used 136504K [0x00000000c0000000, 0x00000000c9500000, 0x00000000eab00000)
  object space 152576K, 89% used [0x00000000c0000000,0x00000000c854e368,0x00000000c9500000)
 Metaspace       used 83604K, committed 84864K, reserved 1130496K
  class space    used 8098K, committed 8704K, reserved 1048576K
}
Event: 18924.870 GC heap before
{Heap before GC invocations=5055 (full 106):
 PSYoungGen      total 11264K, used 11254K [0x00000000eab00000, 0x00000000ebd00000, 0x0000000100000000)
  eden space 10752K, 100% used [0x00000000eab00000,0x00000000eb580000,0x00000000eb580000)
  from space 512K, 98% used [0x00000000eb880000,0x00000000eb8fd848,0x00000000eb900000)
  to   space 3072K, 0% used [0x00000000eb580000,0x00000000eb580000,0x00000000eb880000)
 ParOldGen       total 152576K, used 136504K [0x00000000c0000000, 0x00000000c9500000, 0x00000000eab00000)
  object space 152576K, 89% used [0x00000000c0000000,0x00000000c854e368,0x00000000c9500000)
 Metaspace       used 83606K, committed 84864K, reserved 1130496K
  class space    used 8098K, committed 8704K, reserved 1048576K
}
Event: 18924.871 GC heap after
{Heap after GC invocations=5055 (full 106):
 PSYoungGen      total 11776K, used 532K [0x00000000eab00000, 0x00000000eb900000, 0x0000000100000000)
  eden space 10752K, 0% used [0x00000000eab00000,0x00000000eab00000,0x00000000eb580000)
  from space 1024K, 52% used [0x00000000eb580000,0x00000000eb605200,0x00000000eb680000)
  to   space 1536K, 0% used [0x00000000eb780000,0x00000000eb780000,0x00000000eb900000)
 ParOldGen       total 152576K, used 136521K [0x00000000c0000000, 0x00000000c9500000, 0x00000000eab00000)
  object space 152576K, 89% used [0x00000000c0000000,0x00000000c8552778,0x00000000c9500000)
 Metaspace       used 83606K, committed 84864K, reserved 1130496K
  class space    used 8098K, committed 8704K, reserved 1048576K
}
Event: 18925.791 GC heap before
{Heap before GC invocations=5056 (full 106):
 PSYoungGen      total 11776K, used 11284K [0x00000000eab00000, 0x00000000eb900000, 0x0000000100000000)
  eden space 10752K, 100% used [0x00000000eab00000,0x00000000eb580000,0x00000000eb580000)
  from space 1024K, 52% used [0x00000000eb580000,0x00000000eb605200,0x00000000eb680000)
  to   space 1536K, 0% used [0x00000000eb780000,0x00000000eb780000,0x00000000eb900000)
 ParOldGen       total 152576K, used 136521K [0x00000000c0000000, 0x00000000c9500000, 0x00000000eab00000)
  object space 152576K, 89% used [0x00000000c0000000,0x00000000c8552778,0x00000000c9500000)
 Metaspace       used 83608K, committed 84864K, reserved 1130496K
  class space    used 8098K, committed 8704K, reserved 1048576K
}
Event: 18925.793 GC heap after
{Heap after GC invocations=5056 (full 106):
 PSYoungGen      total 11264K, used 180K [0x00000000eab00000, 0x00000000eb800000, 0x0000000100000000)
  eden space 10752K, 0% used [0x00000000eab00000,0x00000000eab00000,0x00000000eb580000)
  from space 512K, 35% used [0x00000000eb780000,0x00000000eb7ad200,0x00000000eb800000)
  to   space 512K, 0% used [0x00000000eb700000,0x00000000eb700000,0x00000000eb780000)
 ParOldGen       total 152576K, used 136529K [0x00000000c0000000, 0x00000000c9500000, 0x00000000eab00000)
  object space 152576K, 89% used [0x00000000c0000000,0x00000000c8554778,0x00000000c9500000)
 Metaspace       used 83608K, committed 84864K, reserved 1130496K
  class space    used 8098K, committed 8704K, reserved 1048576K
}
Event: 18925.962 GC heap before
{Heap before GC invocations=5057 (full 106):
 PSYoungGen      total 11264K, used 10932K [0x00000000eab00000, 0x00000000eb800000, 0x0000000100000000)
  eden space 10752K, 100% used [0x00000000eab00000,0x00000000eb580000,0x00000000eb580000)
  from space 512K, 35% used [0x00000000eb780000,0x00000000eb7ad200,0x00000000eb800000)
  to   space 512K, 0% used [0x00000000eb700000,0x00000000eb700000,0x00000000eb780000)
 ParOldGen       total 152576K, used 136529K [0x00000000c0000000, 0x00000000c9500000, 0x00000000eab00000)
  object space 152576K, 89% used [0x00000000c0000000,0x00000000c8554778,0x00000000c9500000)
 Metaspace       used 83609K, committed 84864K, reserved 1130496K
  class space    used 8098K, committed 8704K, reserved 1048576K
}
Event: 18925.965 GC heap after
{Heap after GC invocations=5057 (full 106):
 PSYoungGen      total 11264K, used 506K [0x00000000eab00000, 0x00000000eb880000, 0x0000000100000000)
  eden space 10752K, 0% used [0x00000000eab00000,0x00000000eab00000,0x00000000eb580000)
  from space 512K, 98% used [0x00000000eb700000,0x00000000eb77e900,0x00000000eb780000)
  to   space 1024K, 0% used [0x00000000eb780000,0x00000000eb780000,0x00000000eb880000)
 ParOldGen       total 152576K, used 137094K [0x00000000c0000000, 0x00000000c9500000, 0x00000000eab00000)
  object space 152576K, 89% used [0x00000000c0000000,0x00000000c85e19a8,0x00000000c9500000)
 Metaspace       used 83609K, committed 84864K, reserved 1130496K
  class space    used 8098K, committed 8704K, reserved 1048576K
}
Event: 18926.072 GC heap before
{Heap before GC invocations=5058 (full 106):
 PSYoungGen      total 11264K, used 11258K [0x00000000eab00000, 0x00000000eb880000, 0x0000000100000000)
  eden space 10752K, 100% used [0x00000000eab00000,0x00000000eb580000,0x00000000eb580000)
  from space 512K, 98% used [0x00000000eb700000,0x00000000eb77e900,0x00000000eb780000)
  to   space 1024K, 0% used [0x00000000eb780000,0x00000000eb780000,0x00000000eb880000)
 ParOldGen       total 152576K, used 137094K [0x00000000c0000000, 0x00000000c9500000, 0x00000000eab00000)
  object space 152576K, 89% used [0x00000000c0000000,0x00000000c85e19a8,0x00000000c9500000)
 Metaspace       used 83609K, committed 84864K, reserved 1130496K
  class space    used 8098K, committed 8704K, reserved 1048576K
}
Event: 18926.074 GC heap after
{Heap after GC invocations=5058 (full 106):
 PSYoungGen      total 11776K, used 1017K [0x00000000eab00000, 0x00000000eb980000, 0x0000000100000000)
  eden space 10752K, 0% used [0x00000000eab00000,0x00000000eab00000,0x00000000eb580000)
  from space 1024K, 99% used [0x00000000eb780000,0x00000000eb87e410,0x00000000eb880000)
  to   space 2048K, 0% used [0x00000000eb580000,0x00000000eb580000,0x00000000eb780000)
 ParOldGen       total 152576K, used 137520K [0x00000000c0000000, 0x00000000c9500000, 0x00000000eab00000)
  object space 152576K, 90% used [0x00000000c0000000,0x00000000c864c268,0x00000000c9500000)
 Metaspace       used 83609K, committed 84864K, reserved 1130496K
  class space    used 8098K, committed 8704K, reserved 1048576K
}
Event: 18928.091 GC heap before
{Heap before GC invocations=5059 (full 106):
 PSYoungGen      total 11776K, used 11769K [0x00000000eab00000, 0x00000000eb980000, 0x0000000100000000)
  eden space 10752K, 99% used [0x00000000eab00000,0x00000000eb57fff8,0x00000000eb580000)
  from space 1024K, 99% used [0x00000000eb780000,0x00000000eb87e410,0x00000000eb880000)
  to   space 2048K, 0% used [0x00000000eb580000,0x00000000eb580000,0x00000000eb780000)
 ParOldGen       total 152576K, used 137520K [0x00000000c0000000, 0x00000000c9500000, 0x00000000eab00000)
  object space 152576K, 90% used [0x00000000c0000000,0x00000000c864c268,0x00000000c9500000)
 Metaspace       used 83610K, committed 84864K, reserved 1130496K
  class space    used 8098K, committed 8704K, reserved 1048576K
}
Event: 18928.094 GC heap after
{Heap after GC invocations=5059 (full 106):
 PSYoungGen      total 11776K, used 729K [0x00000000eab00000, 0x00000000eb800000, 0x0000000100000000)
  eden space 10752K, 0% used [0x00000000eab00000,0x00000000eab00000,0x00000000eb580000)
  from space 1024K, 71% used [0x00000000eb580000,0x00000000eb636410,0x00000000eb680000)
  to   space 1024K, 0% used [0x00000000eb700000,0x00000000eb700000,0x00000000eb800000)
 ParOldGen       total 152576K, used 138553K [0x00000000c0000000, 0x00000000c9500000, 0x00000000eab00000)
  object space 152576K, 90% used [0x00000000c0000000,0x00000000c874e688,0x00000000c9500000)
 Metaspace       used 83610K, committed 84864K, reserved 1130496K
  class space    used 8098K, committed 8704K, reserved 1048576K
}
Event: 18928.128 GC heap before
{Heap before GC invocations=5060 (full 106):
 PSYoungGen      total 11776K, used 11481K [0x00000000eab00000, 0x00000000eb800000, 0x0000000100000000)
  eden space 10752K, 100% used [0x00000000eab00000,0x00000000eb580000,0x00000000eb580000)
  from space 1024K, 71% used [0x00000000eb580000,0x00000000eb636410,0x00000000eb680000)
  to   space 1024K, 0% used [0x00000000eb700000,0x00000000eb700000,0x00000000eb800000)
 ParOldGen       total 152576K, used 138553K [0x00000000c0000000, 0x00000000c9500000, 0x00000000eab00000)
  object space 152576K, 90% used [0x00000000c0000000,0x00000000c874e688,0x00000000c9500000)
 Metaspace       used 83610K, committed 84864K, reserved 1130496K
  class space    used 8098K, committed 8704K, reserved 1048576K
}
Event: 18928.131 GC heap after
{Heap after GC invocations=5060 (full 106):
 PSYoungGen      total 11264K, used 1018K [0x00000000eab00000, 0x00000000eb980000, 0x0000000100000000)
  eden space 10240K, 0% used [0x00000000eab00000,0x00000000eab00000,0x00000000eb500000)
  from space 1024K, 99% used [0x00000000eb700000,0x00000000eb7fe900,0x00000000eb800000)
  to   space 2048K, 0% used [0x00000000eb500000,0x00000000eb500000,0x00000000eb700000)
 ParOldGen       total 152576K, used 139146K [0x00000000c0000000, 0x00000000c9500000, 0x00000000eab00000)
  object space 152576K, 91% used [0x00000000c0000000,0x00000000c87e2bc8,0x00000000c9500000)
 Metaspace       used 83610K, committed 84864K, reserved 1130496K
  class space    used 8098K, committed 8704K, reserved 1048576K
}
Event: 18928.174 GC heap before
{Heap before GC invocations=5061 (full 106):
 PSYoungGen      total 11264K, used 11258K [0x00000000eab00000, 0x00000000eb980000, 0x0000000100000000)
  eden space 10240K, 99% used [0x00000000eab00000,0x00000000eb4ffff0,0x00000000eb500000)
  from space 1024K, 99% used [0x00000000eb700000,0x00000000eb7fe900,0x00000000eb800000)
  to   space 2048K, 0% used [0x00000000eb500000,0x00000000eb500000,0x00000000eb700000)
 ParOldGen       total 152576K, used 139146K [0x00000000c0000000, 0x00000000c9500000, 0x00000000eab00000)
  object space 152576K, 91% used [0x00000000c0000000,0x00000000c87e2bc8,0x00000000c9500000)
 Metaspace       used 83610K, committed 84864K, reserved 1130496K
  class space    used 8098K, committed 8704K, reserved 1048576K
}

