# JRE version: OpenJDK Runtime Environment Temurin-17.0.6+10 (17.0.6+10) (build 17.0.6+10)
# Java VM: OpenJDK 64-Bit Server VM Temurin-17.0.6+10 (17.0.6+10, mixed mode, emulated-client, tiered, compressed oops, compressed class ptrs, g1 gc, windows-amd64)
GC Precious Log:
 CPUs: 4 total, 4 available
 Memory: 8089M
 Large Page Support: Disabled
 NUMA Support: Disabled
 Compressed Oops: Enabled (32-bit)
 Heap Region Size: 1M
 Heap Min Capacity: 8M
 Heap Initial Capacity: 128M
 Heap Max Capacity: 1G
 Pre-touch: Disabled
 Parallel Workers: 4
 Concurrent Workers: 1
 Concurrent Refinement Workers: 4
 Periodic GC: Disabled
Heap:
 garbage-first heap   total 239616K, used 200175K [0x00000000c0000000, 0x0000000100000000)
  region size 1024K, 90 young (92160K), 8 survivors (8192K)
 Metaspace       used 55483K, committed 55936K, reserved 1097728K
  class space    used 7079K, committed 7296K, reserved 1048576K
GC Heap History (20 events):
Event: 21.551 GC heap after
{Heap after GC invocations=30 (full 0):
 garbage-first heap   total 239616K, used 80358K [0x00000000c0000000, 0x0000000100000000)
  region size 1024K, 10 young (10240K), 10 survivors (10240K)
 Metaspace       used 42526K, committed 43008K, reserved 1089536K
  class space    used 5368K, committed 5632K, reserved 1048576K
}
Event: 21.557 GC heap before
{Heap before GC invocations=30 (full 0):
 garbage-first heap   total 239616K, used 81382K [0x00000000c0000000, 0x0000000100000000)
  region size 1024K, 11 young (11264K), 10 survivors (10240K)
 Metaspace       used 42526K, committed 43008K, reserved 1089536K
  class space    used 5368K, committed 5632K, reserved 1048576K
}
Event: 21.572 GC heap after
{Heap after GC invocations=31 (full 0):
 garbage-first heap   total 239616K, used 80646K [0x00000000c0000000, 0x0000000100000000)
  region size 1024K, 2 young (2048K), 2 survivors (2048K)
 Metaspace       used 42526K, committed 43008K, reserved 1089536K
  class space    used 5368K, committed 5632K, reserved 1048576K
}
Event: 22.020 GC heap before
{Heap before GC invocations=31 (full 0):
 garbage-first heap   total 239616K, used 178950K [0x00000000c0000000, 0x0000000100000000)
  region size 1024K, 99 young (101376K), 2 survivors (2048K)
 Metaspace       used 43578K, committed 44032K, reserved 1089536K
  class space    used 5509K, committed 5696K, reserved 1048576K
}
Event: 22.027 GC heap after
{Heap after GC invocations=32 (full 0):
 garbage-first heap   total 239616K, used 82808K [0x00000000c0000000, 0x0000000100000000)
  region size 1024K, 4 young (4096K), 4 survivors (4096K)
 Metaspace       used 43578K, committed 44032K, reserved 1089536K
  class space    used 5509K, committed 5696K, reserved 1048576K
}
Event: 22.487 GC heap before
{Heap before GC invocations=32 (full 0):
 garbage-first heap   total 239616K, used 183160K [0x00000000c0000000, 0x0000000100000000)
  region size 1024K, 103 young (105472K), 4 survivors (4096K)
 Metaspace       used 45422K, committed 45952K, reserved 1089536K
  class space    used 5722K, committed 5952K, reserved 1048576K
}
Event: 22.495 GC heap after
{Heap after GC invocations=33 (full 0):
 garbage-first heap   total 239616K, used 87580K [0x00000000c0000000, 0x0000000100000000)
  region size 1024K, 9 young (9216K), 9 survivors (9216K)
 Metaspace       used 45422K, committed 45952K, reserved 1089536K
  class space    used 5722K, committed 5952K, reserved 1048576K
}
Event: 23.169 GC heap before
{Heap before GC invocations=33 (full 0):
 garbage-first heap   total 239616K, used 187932K [0x00000000c0000000, 0x0000000100000000)
  region size 1024K, 108 young (110592K), 9 survivors (9216K)
 Metaspace       used 47228K, committed 47744K, reserved 1097728K
  class space    used 6004K, committed 6272K, reserved 1048576K
}
Event: 23.182 GC heap after
{Heap after GC invocations=34 (full 0):
 garbage-first heap   total 239616K, used 93609K [0x00000000c0000000, 0x0000000100000000)
  region size 1024K, 11 young (11264K), 11 survivors (11264K)
 Metaspace       used 47228K, committed 47744K, reserved 1097728K
  class space    used 6004K, committed 6272K, reserved 1048576K
}
Event: 23.523 GC heap before
{Heap before GC invocations=34 (full 0):
 garbage-first heap   total 239616K, used 191913K [0x00000000c0000000, 0x0000000100000000)
  region size 1024K, 108 young (110592K), 11 survivors (11264K)
 Metaspace       used 48249K, committed 48704K, reserved 1097728K
  class space    used 6147K, committed 6336K, reserved 1048576K
}
Event: 23.533 GC heap after
{Heap after GC invocations=35 (full 0):
 garbage-first heap   total 239616K, used 97319K [0x00000000c0000000, 0x0000000100000000)
  region size 1024K, 10 young (10240K), 10 survivors (10240K)
 Metaspace       used 48249K, committed 48704K, reserved 1097728K
  class space    used 6147K, committed 6336K, reserved 1048576K
}
Event: 24.428 GC heap before
{Heap before GC invocations=35 (full 0):
 garbage-first heap   total 239616K, used 194599K [0x00000000c0000000, 0x0000000100000000)
  region size 1024K, 106 young (108544K), 10 survivors (10240K)
 Metaspace       used 51257K, committed 51712K, reserved 1097728K
  class space    used 6520K, committed 6720K, reserved 1048576K
}
Event: 24.440 GC heap after
{Heap after GC invocations=36 (full 0):
 garbage-first heap   total 239616K, used 102093K [0x00000000c0000000, 0x0000000100000000)
  region size 1024K, 9 young (9216K), 9 survivors (9216K)
 Metaspace       used 51257K, committed 51712K, reserved 1097728K
  class space    used 6520K, committed 6720K, reserved 1048576K
}
Event: 24.984 GC heap before
{Heap before GC invocations=36 (full 0):
 garbage-first heap   total 239616K, used 196301K [0x00000000c0000000, 0x0000000100000000)
  region size 1024K, 103 young (105472K), 9 survivors (9216K)
 Metaspace       used 52570K, committed 53056K, reserved 1097728K
  class space    used 6741K, committed 6976K, reserved 1048576K
}
Event: 25.001 GC heap after
{Heap after GC invocations=37 (full 0):
 garbage-first heap   total 239616K, used 106180K [0x00000000c0000000, 0x0000000100000000)
  region size 1024K, 9 young (9216K), 9 survivors (9216K)
 Metaspace       used 52570K, committed 53056K, reserved 1097728K
  class space    used 6741K, committed 6976K, reserved 1048576K
}
Event: 25.386 GC heap before
{Heap before GC invocations=37 (full 0):
 garbage-first heap   total 239616K, used 198340K [0x00000000c0000000, 0x0000000100000000)
  region size 1024K, 100 young (102400K), 9 survivors (9216K)
 Metaspace       used 53605K, committed 54080K, reserved 1097728K
  class space    used 6873K, committed 7104K, reserved 1048576K
}
Event: 25.400 GC heap after
{Heap after GC invocations=38 (full 0):
 garbage-first heap   total 239616K, used 112004K [0x00000000c0000000, 0x0000000100000000)
  region size 1024K, 10 young (10240K), 10 survivors (10240K)
 Metaspace       used 53605K, committed 54080K, reserved 1097728K
  class space    used 6873K, committed 7104K, reserved 1048576K
}
Event: 25.910 GC heap before
{Heap before GC invocations=38 (full 0):
 garbage-first heap   total 239616K, used 198020K [0x00000000c0000000, 0x0000000100000000)
  region size 1024K, 95 young (97280K), 10 survivors (10240K)
 Metaspace       used 54544K, committed 55040K, reserved 1097728K
  class space    used 6983K, committed 7232K, reserved 1048576K
}
Event: 25.923 GC heap after
{Heap after GC invocations=39 (full 0):
 garbage-first heap   total 239616K, used 116207K [0x00000000c0000000, 0x0000000100000000)
  region size 1024K, 10 young (10240K), 10 survivors (10240K)
 Metaspace       used 54544K, committed 55040K, reserved 1097728K
  class space    used 6983K, committed 7232K, reserved 1048576K
}
Event: 26.251 GC heap before
{Heap before GC invocations=39 (full 0):
 garbage-first heap   total 239616K, used 199151K [0x00000000c0000000, 0x0000000100000000)
  region size 1024K, 92 young (94208K), 10 survivors (10240K)
 Metaspace       used 55483K, committed 55936K, reserved 1097728K
  class space    used 7079K, committed 7296K, reserved 1048576K
}

