# JRE version: Java(TM) SE Runtime Environment (18.0.1.1+2) (build 18.0.1.1+2-6)
# Java VM: Java HotSpot(TM) 64-Bit Server VM (18.0.1.1+2-6, mixed mode, sharing, tiered, compressed oops, compressed class ptrs, parallel gc, windows-amd64)
GC Precious Log:
 CardTable entry size: 512
 CPUs: 4 total, 4 available
 Memory: 8089M
 Large Page Support: Disabled
 NUMA Support: Disabled
 Compressed Oops: Enabled (32-bit)
 Alignments: Space 512K, Generation 512K, Heap 2M
 Heap Min Capacity: 100M
 Heap Initial Capacity: 100M
 Heap Max Capacity: 1G
 Pre-touch: Disabled
 Parallel Workers: 4
Heap:
 PSYoungGen      total 6656K, used 352K [0x00000000eab00000, 0x00000000eb280000, 0x0000000100000000)
  eden space 5632K, 0% used [0x00000000eab00000,0x00000000eab00000,0x00000000eb080000)
  from space 1024K, 34% used [0x00000000eb100000,0x00000000eb158000,0x00000000eb200000)
  to   space 512K, 0% used [0x00000000eb200000,0x00000000eb200000,0x00000000eb280000)
 ParOldGen       total 80384K, used 80162K [0x00000000c0000000, 0x00000000c4e80000, 0x00000000eab00000)
  object space 80384K, 99% used [0x00000000c0000000,0x00000000c4e48a18,0x00000000c4e80000)
 Metaspace       used 60001K, committed 61056K, reserved 1114112K
  class space    used 5840K, committed 6272K, reserved 1048576K
GC Heap History (20 events):
Event: 106.631 GC heap before
{Heap before GC invocations=69 (full 3):
 PSYoungGen      total 9216K, used 9204K [0x00000000eab00000, 0x00000000ebc00000, 0x0000000100000000)
  eden space 6144K, 99% used [0x00000000eab00000,0x00000000eb0ffff8,0x00000000eb100000)
  from space 3072K, 99% used [0x00000000eb600000,0x00000000eb8fd200,0x00000000eb900000)
  to   space 5120K, 0% used [0x00000000eb100000,0x00000000eb100000,0x00000000eb600000)
 ParOldGen       total 80384K, used 70927K [0x00000000c0000000, 0x00000000c4e80000, 0x00000000eab00000)
  object space 80384K, 88% used [0x00000000c0000000,0x00000000c4543d40,0x00000000c4e80000)
 Metaspace       used 59518K, committed 60544K, reserved 1114112K
  class space    used 5830K, committed 6272K, reserved 1048576K
}
Event: 106.636 GC heap after
{Heap after GC invocations=69 (full 3):
 PSYoungGen      total 6656K, used 480K [0x00000000eab00000, 0x00000000eb680000, 0x0000000100000000)
  eden space 6144K, 0% used [0x00000000eab00000,0x00000000eab00000,0x00000000eb100000)
  from space 512K, 93% used [0x00000000eb100000,0x00000000eb178000,0x00000000eb180000)
  to   space 2048K, 0% used [0x00000000eb480000,0x00000000eb480000,0x00000000eb680000)
 ParOldGen       total 80384K, used 73984K [0x00000000c0000000, 0x00000000c4e80000, 0x00000000eab00000)
  object space 80384K, 92% used [0x00000000c0000000,0x00000000c4840240,0x00000000c4e80000)
 Metaspace       used 59518K, committed 60544K, reserved 1114112K
  class space    used 5830K, committed 6272K, reserved 1048576K
}
Event: 107.462 GC heap before
{Heap before GC invocations=70 (full 3):
 PSYoungGen      total 6656K, used 6624K [0x00000000eab00000, 0x00000000eb680000, 0x0000000100000000)
  eden space 6144K, 100% used [0x00000000eab00000,0x00000000eb100000,0x00000000eb100000)
  from space 512K, 93% used [0x00000000eb100000,0x00000000eb178000,0x00000000eb180000)
  to   space 2048K, 0% used [0x00000000eb480000,0x00000000eb480000,0x00000000eb680000)
 ParOldGen       total 80384K, used 73984K [0x00000000c0000000, 0x00000000c4e80000, 0x00000000eab00000)
  object space 80384K, 92% used [0x00000000c0000000,0x00000000c4840240,0x00000000c4e80000)
 Metaspace       used 59560K, committed 60544K, reserved 1114112K
  class space    used 5830K, committed 6272K, reserved 1048576K
}
Event: 107.466 GC heap after
{Heap after GC invocations=70 (full 3):
 PSYoungGen      total 7680K, used 1342K [0x00000000eab00000, 0x00000000eb600000, 0x0000000100000000)
  eden space 6144K, 0% used [0x00000000eab00000,0x00000000eab00000,0x00000000eb100000)
  from space 1536K, 87% used [0x00000000eb480000,0x00000000eb5cfb10,0x00000000eb600000)
  to   space 1536K, 0% used [0x00000000eb300000,0x00000000eb300000,0x00000000eb480000)
 ParOldGen       total 80384K, used 74348K [0x00000000c0000000, 0x00000000c4e80000, 0x00000000eab00000)
  object space 80384K, 92% used [0x00000000c0000000,0x00000000c489b250,0x00000000c4e80000)
 Metaspace       used 59560K, committed 60544K, reserved 1114112K
  class space    used 5830K, committed 6272K, reserved 1048576K
}
Event: 107.914 GC heap before
{Heap before GC invocations=71 (full 3):
 PSYoungGen      total 7680K, used 7486K [0x00000000eab00000, 0x00000000eb600000, 0x0000000100000000)
  eden space 6144K, 100% used [0x00000000eab00000,0x00000000eb100000,0x00000000eb100000)
  from space 1536K, 87% used [0x00000000eb480000,0x00000000eb5cfb10,0x00000000eb600000)
  to   space 1536K, 0% used [0x00000000eb300000,0x00000000eb300000,0x00000000eb480000)
 ParOldGen       total 80384K, used 74348K [0x00000000c0000000, 0x00000000c4e80000, 0x00000000eab00000)
  object space 80384K, 92% used [0x00000000c0000000,0x00000000c489b250,0x00000000c4e80000)
 Metaspace       used 59593K, committed 60608K, reserved 1114112K
  class space    used 5830K, committed 6272K, reserved 1048576K
}
Event: 107.916 GC heap after
{Heap after GC invocations=71 (full 3):
 PSYoungGen      total 7168K, used 788K [0x00000000eab00000, 0x00000000eb500000, 0x0000000100000000)
  eden space 6144K, 0% used [0x00000000eab00000,0x00000000eab00000,0x00000000eb100000)
  from space 1024K, 77% used [0x00000000eb300000,0x00000000eb3c5200,0x00000000eb400000)
  to   space 1024K, 0% used [0x00000000eb400000,0x00000000eb400000,0x00000000eb500000)
 ParOldGen       total 80384K, used 74372K [0x00000000c0000000, 0x00000000c4e80000, 0x00000000eab00000)
  object space 80384K, 92% used [0x00000000c0000000,0x00000000c48a1250,0x00000000c4e80000)
 Metaspace       used 59593K, committed 60608K, reserved 1114112K
  class space    used 5830K, committed 6272K, reserved 1048576K
}
Event: 108.750 GC heap before
{Heap before GC invocations=72 (full 3):
 PSYoungGen      total 7168K, used 6932K [0x00000000eab00000, 0x00000000eb500000, 0x0000000100000000)
  eden space 6144K, 100% used [0x00000000eab00000,0x00000000eb100000,0x00000000eb100000)
  from space 1024K, 77% used [0x00000000eb300000,0x00000000eb3c5200,0x00000000eb400000)
  to   space 1024K, 0% used [0x00000000eb400000,0x00000000eb400000,0x00000000eb500000)
 ParOldGen       total 80384K, used 74372K [0x00000000c0000000, 0x00000000c4e80000, 0x00000000eab00000)
  object space 80384K, 92% used [0x00000000c0000000,0x00000000c48a1250,0x00000000c4e80000)
 Metaspace       used 59623K, committed 60608K, reserved 1114112K
  class space    used 5830K, committed 6272K, reserved 1048576K
}
Event: 108.753 GC heap after
{Heap after GC invocations=72 (full 3):
 PSYoungGen      total 7168K, used 999K [0x00000000eab00000, 0x00000000eb600000, 0x0000000100000000)
  eden space 6144K, 0% used [0x00000000eab00000,0x00000000eab00000,0x00000000eb100000)
  from space 1024K, 97% used [0x00000000eb400000,0x00000000eb4f9f10,0x00000000eb500000)
  to   space 2560K, 0% used [0x00000000eb100000,0x00000000eb100000,0x00000000eb380000)
 ParOldGen       total 80384K, used 75562K [0x00000000c0000000, 0x00000000c4e80000, 0x00000000eab00000)
  object space 80384K, 94% used [0x00000000c0000000,0x00000000c49ca9f0,0x00000000c4e80000)
 Metaspace       used 59623K, committed 60608K, reserved 1114112K
  class space    used 5830K, committed 6272K, reserved 1048576K
}
Event: 108.837 GC heap before
{Heap before GC invocations=73 (full 3):
 PSYoungGen      total 7168K, used 7143K [0x00000000eab00000, 0x00000000eb600000, 0x0000000100000000)
  eden space 6144K, 99% used [0x00000000eab00000,0x00000000eb0ffff8,0x00000000eb100000)
  from space 1024K, 97% used [0x00000000eb400000,0x00000000eb4f9f10,0x00000000eb500000)
  to   space 2560K, 0% used [0x00000000eb100000,0x00000000eb100000,0x00000000eb380000)
 ParOldGen       total 80384K, used 75562K [0x00000000c0000000, 0x00000000c4e80000, 0x00000000eab00000)
  object space 80384K, 94% used [0x00000000c0000000,0x00000000c49ca9f0,0x00000000c4e80000)
 Metaspace       used 59624K, committed 60608K, reserved 1114112K
  class space    used 5830K, committed 6272K, reserved 1048576K
}
Event: 108.840 GC heap after
{Heap after GC invocations=73 (full 3):
 PSYoungGen      total 7168K, used 937K [0x00000000eab00000, 0x00000000eb480000, 0x0000000100000000)
  eden space 6144K, 0% used [0x00000000eab00000,0x00000000eab00000,0x00000000eb100000)
  from space 1024K, 91% used [0x00000000eb100000,0x00000000eb1ea420,0x00000000eb200000)
  to   space 1536K, 0% used [0x00000000eb300000,0x00000000eb300000,0x00000000eb480000)
 ParOldGen       total 80384K, used 75839K [0x00000000c0000000, 0x00000000c4e80000, 0x00000000eab00000)
  object space 80384K, 94% used [0x00000000c0000000,0x00000000c4a0fed0,0x00000000c4e80000)
 Metaspace       used 59624K, committed 60608K, reserved 1114112K
  class space    used 5830K, committed 6272K, reserved 1048576K
}
Event: 109.004 GC heap before
{Heap before GC invocations=74 (full 3):
 PSYoungGen      total 7168K, used 7081K [0x00000000eab00000, 0x00000000eb480000, 0x0000000100000000)
  eden space 6144K, 99% used [0x00000000eab00000,0x00000000eb0ffff8,0x00000000eb100000)
  from space 1024K, 91% used [0x00000000eb100000,0x00000000eb1ea420,0x00000000eb200000)
  to   space 1536K, 0% used [0x00000000eb300000,0x00000000eb300000,0x00000000eb480000)
 ParOldGen       total 80384K, used 75839K [0x00000000c0000000, 0x00000000c4e80000, 0x00000000eab00000)
  object space 80384K, 94% used [0x00000000c0000000,0x00000000c4a0fed0,0x00000000c4e80000)
 Metaspace       used 59645K, committed 60608K, reserved 1114112K
  class space    used 5830K, committed 6272K, reserved 1048576K
}
Event: 109.009 GC heap after
{Heap after GC invocations=74 (full 3):
 PSYoungGen      total 7680K, used 1204K [0x00000000eab00000, 0x00000000eb480000, 0x0000000100000000)
  eden space 6144K, 0% used [0x00000000eab00000,0x00000000eab00000,0x00000000eb100000)
  from space 1536K, 78% used [0x00000000eb300000,0x00000000eb42d200,0x00000000eb480000)
  to   space 1536K, 0% used [0x00000000eb180000,0x00000000eb180000,0x00000000eb300000)
 ParOldGen       total 80384K, used 76650K [0x00000000c0000000, 0x00000000c4e80000, 0x00000000eab00000)
  object space 80384K, 95% used [0x00000000c0000000,0x00000000c4ada8b0,0x00000000c4e80000)
 Metaspace       used 59645K, committed 60608K, reserved 1114112K
  class space    used 5830K, committed 6272K, reserved 1048576K
}
Event: 110.684 GC heap before
{Heap before GC invocations=75 (full 3):
 PSYoungGen      total 7680K, used 7348K [0x00000000eab00000, 0x00000000eb480000, 0x0000000100000000)
  eden space 6144K, 99% used [0x00000000eab00000,0x00000000eb0ffff0,0x00000000eb100000)
  from space 1536K, 78% used [0x00000000eb300000,0x00000000eb42d200,0x00000000eb480000)
  to   space 1536K, 0% used [0x00000000eb180000,0x00000000eb180000,0x00000000eb300000)
 ParOldGen       total 80384K, used 76650K [0x00000000c0000000, 0x00000000c4e80000, 0x00000000eab00000)
  object space 80384K, 95% used [0x00000000c0000000,0x00000000c4ada8b0,0x00000000c4e80000)
 Metaspace       used 59819K, committed 60864K, reserved 1114112K
  class space    used 5839K, committed 6272K, reserved 1048576K
}
Event: 110.689 GC heap after
{Heap after GC invocations=75 (full 3):
 PSYoungGen      total 7168K, used 512K [0x00000000eab00000, 0x00000000eb380000, 0x0000000100000000)
  eden space 6144K, 0% used [0x00000000eab00000,0x00000000eab00000,0x00000000eb100000)
  from space 1024K, 50% used [0x00000000eb180000,0x00000000eb200020,0x00000000eb280000)
  to   space 1024K, 0% used [0x00000000eb280000,0x00000000eb280000,0x00000000eb380000)
 ParOldGen       total 80384K, used 77677K [0x00000000c0000000, 0x00000000c4e80000, 0x00000000eab00000)
  object space 80384K, 96% used [0x00000000c0000000,0x00000000c4bdb7d0,0x00000000c4e80000)
 Metaspace       used 59819K, committed 60864K, reserved 1114112K
  class space    used 5839K, committed 6272K, reserved 1048576K
}
Event: 110.926 GC heap before
{Heap before GC invocations=76 (full 3):
 PSYoungGen      total 7168K, used 6642K [0x00000000eab00000, 0x00000000eb380000, 0x0000000100000000)
  eden space 6144K, 99% used [0x00000000eab00000,0x00000000eb0fca88,0x00000000eb100000)
  from space 1024K, 50% used [0x00000000eb180000,0x00000000eb200020,0x00000000eb280000)
  to   space 1024K, 0% used [0x00000000eb280000,0x00000000eb280000,0x00000000eb380000)
 ParOldGen       total 80384K, used 77677K [0x00000000c0000000, 0x00000000c4e80000, 0x00000000eab00000)
  object space 80384K, 96% used [0x00000000c0000000,0x00000000c4bdb7d0,0x00000000c4e80000)
 Metaspace       used 59911K, committed 60928K, reserved 1114112K
  class space    used 5839K, committed 6272K, reserved 1048576K
}
Event: 110.930 GC heap after
{Heap after GC invocations=76 (full 3):
 PSYoungGen      total 6656K, used 1024K [0x00000000eab00000, 0x00000000eb500000, 0x0000000100000000)
  eden space 5632K, 0% used [0x00000000eab00000,0x00000000eab00000,0x00000000eb080000)
  from space 1024K, 100% used [0x00000000eb280000,0x00000000eb380000,0x00000000eb380000)
  to   space 2048K, 0% used [0x00000000eb080000,0x00000000eb080000,0x00000000eb280000)
 ParOldGen       total 80384K, used 78122K [0x00000000c0000000, 0x00000000c4e80000, 0x00000000eab00000)
  object space 80384K, 97% used [0x00000000c0000000,0x00000000c4c4a9f8,0x00000000c4e80000)
 Metaspace       used 59911K, committed 60928K, reserved 1114112K
  class space    used 5839K, committed 6272K, reserved 1048576K
}
Event: 111.100 GC heap before
{Heap before GC invocations=77 (full 3):
 PSYoungGen      total 6656K, used 6656K [0x00000000eab00000, 0x00000000eb500000, 0x0000000100000000)
  eden space 5632K, 100% used [0x00000000eab00000,0x00000000eb080000,0x00000000eb080000)
  from space 1024K, 100% used [0x00000000eb280000,0x00000000eb380000,0x00000000eb380000)
  to   space 2048K, 0% used [0x00000000eb080000,0x00000000eb080000,0x00000000eb280000)
 ParOldGen       total 80384K, used 78122K [0x00000000c0000000, 0x00000000c4e80000, 0x00000000eab00000)
  object space 80384K, 97% used [0x00000000c0000000,0x00000000c4c4a9f8,0x00000000c4e80000)
 Metaspace       used 59933K, committed 60992K, reserved 1114112K
  class space    used 5840K, committed 6272K, reserved 1048576K
}
Event: 111.103 GC heap after
{Heap after GC invocations=77 (full 3):
 PSYoungGen      total 6144K, used 512K [0x00000000eab00000, 0x00000000eb300000, 0x0000000100000000)
  eden space 5632K, 0% used [0x00000000eab00000,0x00000000eab00000,0x00000000eb080000)
  from space 512K, 100% used [0x00000000eb080000,0x00000000eb100000,0x00000000eb100000)
  to   space 1024K, 0% used [0x00000000eb200000,0x00000000eb200000,0x00000000eb300000)
 ParOldGen       total 80384K, used 79086K [0x00000000c0000000, 0x00000000c4e80000, 0x00000000eab00000)
  object space 80384K, 98% used [0x00000000c0000000,0x00000000c4d3ba08,0x00000000c4e80000)
 Metaspace       used 59933K, committed 60992K, reserved 1114112K
  class space    used 5840K, committed 6272K, reserved 1048576K
}
Event: 111.268 GC heap before
{Heap before GC invocations=78 (full 3):
 PSYoungGen      total 6144K, used 6144K [0x00000000eab00000, 0x00000000eb300000, 0x0000000100000000)
  eden space 5632K, 100% used [0x00000000eab00000,0x00000000eb080000,0x00000000eb080000)
  from space 512K, 100% used [0x00000000eb080000,0x00000000eb100000,0x00000000eb100000)
  to   space 1024K, 0% used [0x00000000eb200000,0x00000000eb200000,0x00000000eb300000)
 ParOldGen       total 80384K, used 79086K [0x00000000c0000000, 0x00000000c4e80000, 0x00000000eab00000)
  object space 80384K, 98% used [0x00000000c0000000,0x00000000c4d3ba08,0x00000000c4e80000)
 Metaspace       used 59991K, committed 60992K, reserved 1114112K
  class space    used 5840K, committed 6272K, reserved 1048576K
}
Event: 111.271 GC heap after
{Heap after GC invocations=78 (full 3):
 PSYoungGen      total 6656K, used 704K [0x00000000eab00000, 0x00000000eb300000, 0x0000000100000000)
  eden space 5632K, 0% used [0x00000000eab00000,0x00000000eab00000,0x00000000eb080000)
  from space 1024K, 68% used [0x00000000eb200000,0x00000000eb2b0000,0x00000000eb300000)
  to   space 1024K, 0% used [0x00000000eb100000,0x00000000eb100000,0x00000000eb200000)
 ParOldGen       total 80384K, used 79566K [0x00000000c0000000, 0x00000000c4e80000, 0x00000000eab00000)
  object space 80384K, 98% used [0x00000000c0000000,0x00000000c4db3a08,0x00000000c4e80000)
 Metaspace       used 59991K, committed 60992K, reserved 1114112K
  class space    used 5840K, committed 6272K, reserved 1048576K
}

