# JRE version: OpenJDK Runtime Environment Temurin-17.0.6+10 (17.0.6+10) (build 17.0.6+10)
# Java VM: OpenJDK 64-Bit Server VM Temurin-17.0.6+10 (17.0.6+10, mixed mode, tiered, compressed oops, compressed class ptrs, parallel gc, windows-amd64)
GC Precious Log:
 CPUs: 4 total, 4 available
 Memory: 8089M
 Large Page Support: Disabled
 NUMA Support: Disabled
 Compressed Oops: Enabled (32-bit)
 Alignments: Space 512K, Generation 512K, Heap 2M
 Heap Min Capacity: 100M
 Heap Initial Capacity: 100M
 Heap Max Capacity: 1G
 Pre-touch: Disabled
 Parallel Workers: 4
Heap:
 PSYoungGen      total 6144K, used 2624K [0x00000000eab00000, 0x00000000eb600000, 0x0000000100000000)
  eden space 3072K, 0% used [0x00000000eab00000,0x00000000eab00000,0x00000000eae00000)
  from space 3072K, 85% used [0x00000000eb300000,0x00000000eb590000,0x00000000eb600000)
  to   space 3584K, 0% used [0x00000000eaf00000,0x00000000eaf00000,0x00000000eb280000)
 ParOldGen       total 138240K, used 137861K [0x00000000c0000000, 0x00000000c8700000, 0x00000000eab00000)
  object space 138240K, 99% used [0x00000000c0000000,0x00000000c86a1710,0x00000000c8700000)
 Metaspace       used 84742K, committed 85888K, reserved 1130496K
  class space    used 8120K, committed 8640K, reserved 1048576K
GC Heap History (20 events):
Event: 110040.955 GC heap after
{Heap after GC invocations=7056 (full 151):
 PSYoungGen      total 3072K, used 128K [0x00000000eab00000, 0x00000000eaf80000, 0x0000000100000000)
  eden space 2560K, 0% used [0x00000000eab00000,0x00000000eab00000,0x00000000ead80000)
  from space 512K, 25% used [0x00000000eae80000,0x00000000eaea0000,0x00000000eaf00000)
  to   space 512K, 0% used [0x00000000eaf00000,0x00000000eaf00000,0x00000000eaf80000)
 ParOldGen       total 138240K, used 126058K [0x00000000c0000000, 0x00000000c8700000, 0x00000000eab00000)
  object space 138240K, 91% used [0x00000000c0000000,0x00000000c7b1a9b0,0x00000000c8700000)
 Metaspace       used 84347K, committed 85632K, reserved 1130496K
  class space    used 8063K, committed 8576K, reserved 1048576K
}
Event: 186977.102 GC heap before
{Heap before GC invocations=7057 (full 151):
 PSYoungGen      total 3072K, used 2688K [0x00000000eab00000, 0x00000000eaf80000, 0x0000000100000000)
  eden space 2560K, 100% used [0x00000000eab00000,0x00000000ead80000,0x00000000ead80000)
  from space 512K, 25% used [0x00000000eae80000,0x00000000eaea0000,0x00000000eaf00000)
  to   space 512K, 0% used [0x00000000eaf00000,0x00000000eaf00000,0x00000000eaf80000)
 ParOldGen       total 138240K, used 126058K [0x00000000c0000000, 0x00000000c8700000, 0x00000000eab00000)
  object space 138240K, 91% used [0x00000000c0000000,0x00000000c7b1a9b0,0x00000000c8700000)
 Metaspace       used 84383K, committed 85632K, reserved 1130496K
  class space    used 8073K, committed 8576K, reserved 1048576K
}
Event: 186977.225 GC heap after
{Heap after GC invocations=7057 (full 151):
 PSYoungGen      total 3072K, used 160K [0x00000000eab00000, 0x00000000eaf80000, 0x0000000100000000)
  eden space 2560K, 0% used [0x00000000eab00000,0x00000000eab00000,0x00000000ead80000)
  from space 512K, 31% used [0x00000000eaf00000,0x00000000eaf28000,0x00000000eaf80000)
  to   space 512K, 0% used [0x00000000eae80000,0x00000000eae80000,0x00000000eaf00000)
 ParOldGen       total 138240K, used 126074K [0x00000000c0000000, 0x00000000c8700000, 0x00000000eab00000)
  object space 138240K, 91% used [0x00000000c0000000,0x00000000c7b1e9b0,0x00000000c8700000)
 Metaspace       used 84383K, committed 85632K, reserved 1130496K
  class space    used 8073K, committed 8576K, reserved 1048576K
}
Event: 186977.492 GC heap before
{Heap before GC invocations=7058 (full 151):
 PSYoungGen      total 3072K, used 2720K [0x00000000eab00000, 0x00000000eaf80000, 0x0000000100000000)
  eden space 2560K, 100% used [0x00000000eab00000,0x00000000ead80000,0x00000000ead80000)
  from space 512K, 31% used [0x00000000eaf00000,0x00000000eaf28000,0x00000000eaf80000)
  to   space 512K, 0% used [0x00000000eae80000,0x00000000eae80000,0x00000000eaf00000)
 ParOldGen       total 138240K, used 126074K [0x00000000c0000000, 0x00000000c8700000, 0x00000000eab00000)
  object space 138240K, 91% used [0x00000000c0000000,0x00000000c7b1e9b0,0x00000000c8700000)
 Metaspace       used 84571K, committed 85824K, reserved 1130496K
  class space    used 8095K, committed 8640K, reserved 1048576K
}
Event: 186977.496 GC heap after
{Heap after GC invocations=7058 (full 151):
 PSYoungGen      total 3072K, used 384K [0x00000000eab00000, 0x00000000eaf80000, 0x0000000100000000)
  eden space 2560K, 0% used [0x00000000eab00000,0x00000000eab00000,0x00000000ead80000)
  from space 512K, 75% used [0x00000000eae80000,0x00000000eaee0000,0x00000000eaf00000)
  to   space 512K, 0% used [0x00000000eaf00000,0x00000000eaf00000,0x00000000eaf80000)
 ParOldGen       total 138240K, used 126138K [0x00000000c0000000, 0x00000000c8700000, 0x00000000eab00000)
  object space 138240K, 91% used [0x00000000c0000000,0x00000000c7b2e9b0,0x00000000c8700000)
 Metaspace       used 84571K, committed 85824K, reserved 1130496K
  class space    used 8095K, committed 8640K, reserved 1048576K
}
Event: 186978.029 GC heap before
{Heap before GC invocations=7059 (full 151):
 PSYoungGen      total 3072K, used 2943K [0x00000000eab00000, 0x00000000eaf80000, 0x0000000100000000)
  eden space 2560K, 99% used [0x00000000eab00000,0x00000000ead7ffd0,0x00000000ead80000)
  from space 512K, 75% used [0x00000000eae80000,0x00000000eaee0000,0x00000000eaf00000)
  to   space 512K, 0% used [0x00000000eaf00000,0x00000000eaf00000,0x00000000eaf80000)
 ParOldGen       total 138240K, used 126138K [0x00000000c0000000, 0x00000000c8700000, 0x00000000eab00000)
  object space 138240K, 91% used [0x00000000c0000000,0x00000000c7b2e9b0,0x00000000c8700000)
 Metaspace       used 84706K, committed 85888K, reserved 1130496K
  class space    used 8116K, committed 8640K, reserved 1048576K
}
Event: 186978.034 GC heap after
{Heap after GC invocations=7059 (full 151):
 PSYoungGen      total 3072K, used 512K [0x00000000eab00000, 0x00000000eaf80000, 0x0000000100000000)
  eden space 2560K, 0% used [0x00000000eab00000,0x00000000eab00000,0x00000000ead80000)
  from space 512K, 100% used [0x00000000eaf00000,0x00000000eaf80000,0x00000000eaf80000)
  to   space 1024K, 0% used [0x00000000ead80000,0x00000000ead80000,0x00000000eae80000)
 ParOldGen       total 138240K, used 126470K [0x00000000c0000000, 0x00000000c8700000, 0x00000000eab00000)
  object space 138240K, 91% used [0x00000000c0000000,0x00000000c7b819c0,0x00000000c8700000)
 Metaspace       used 84706K, committed 85888K, reserved 1130496K
  class space    used 8116K, committed 8640K, reserved 1048576K
}
Event: 186978.107 GC heap before
{Heap before GC invocations=7060 (full 151):
 PSYoungGen      total 3072K, used 3072K [0x00000000eab00000, 0x00000000eaf80000, 0x0000000100000000)
  eden space 2560K, 100% used [0x00000000eab00000,0x00000000ead80000,0x00000000ead80000)
  from space 512K, 100% used [0x00000000eaf00000,0x00000000eaf80000,0x00000000eaf80000)
  to   space 1024K, 0% used [0x00000000ead80000,0x00000000ead80000,0x00000000eae80000)
 ParOldGen       total 138240K, used 126470K [0x00000000c0000000, 0x00000000c8700000, 0x00000000eab00000)
  object space 138240K, 91% used [0x00000000c0000000,0x00000000c7b819c0,0x00000000c8700000)
 Metaspace       used 84742K, committed 85888K, reserved 1130496K
  class space    used 8120K, committed 8640K, reserved 1048576K
}
Event: 186978.114 GC heap after
{Heap after GC invocations=7060 (full 151):
 PSYoungGen      total 3584K, used 992K [0x00000000eab00000, 0x00000000eb280000, 0x0000000100000000)
  eden space 2560K, 0% used [0x00000000eab00000,0x00000000eab00000,0x00000000ead80000)
  from space 1024K, 96% used [0x00000000ead80000,0x00000000eae78280,0x00000000eae80000)
  to   space 2560K, 0% used [0x00000000eb000000,0x00000000eb000000,0x00000000eb280000)
 ParOldGen       total 138240K, used 127685K [0x00000000c0000000, 0x00000000c8700000, 0x00000000eab00000)
  object space 138240K, 92% used [0x00000000c0000000,0x00000000c7cb1490,0x00000000c8700000)
 Metaspace       used 84742K, committed 85888K, reserved 1130496K
  class space    used 8120K, committed 8640K, reserved 1048576K
}
Event: 186978.122 GC heap before
{Heap before GC invocations=7061 (full 151):
 PSYoungGen      total 3584K, used 3552K [0x00000000eab00000, 0x00000000eb280000, 0x0000000100000000)
  eden space 2560K, 100% used [0x00000000eab00000,0x00000000ead80000,0x00000000ead80000)
  from space 1024K, 96% used [0x00000000ead80000,0x00000000eae78280,0x00000000eae80000)
  to   space 2560K, 0% used [0x00000000eb000000,0x00000000eb000000,0x00000000eb280000)
 ParOldGen       total 138240K, used 127685K [0x00000000c0000000, 0x00000000c8700000, 0x00000000eab00000)
  object space 138240K, 92% used [0x00000000c0000000,0x00000000c7cb1490,0x00000000c8700000)
 Metaspace       used 84742K, committed 85888K, reserved 1130496K
  class space    used 8120K, committed 8640K, reserved 1048576K
}
Event: 186978.128 GC heap after
{Heap after GC invocations=7061 (full 151):
 PSYoungGen      total 4608K, used 2496K [0x00000000eab00000, 0x00000000eb380000, 0x0000000100000000)
  eden space 2048K, 0% used [0x00000000eab00000,0x00000000eab00000,0x00000000ead00000)
  from space 2560K, 97% used [0x00000000eb000000,0x00000000eb270000,0x00000000eb280000)
  to   space 3072K, 0% used [0x00000000ead00000,0x00000000ead00000,0x00000000eb000000)
 ParOldGen       total 138240K, used 128701K [0x00000000c0000000, 0x00000000c8700000, 0x00000000eab00000)
  object space 138240K, 93% used [0x00000000c0000000,0x00000000c7daf710,0x00000000c8700000)
 Metaspace       used 84742K, committed 85888K, reserved 1130496K
  class space    used 8120K, committed 8640K, reserved 1048576K
}
Event: 186978.136 GC heap before
{Heap before GC invocations=7062 (full 151):
 PSYoungGen      total 4608K, used 4544K [0x00000000eab00000, 0x00000000eb380000, 0x0000000100000000)
  eden space 2048K, 100% used [0x00000000eab00000,0x00000000ead00000,0x00000000ead00000)
  from space 2560K, 97% used [0x00000000eb000000,0x00000000eb270000,0x00000000eb280000)
  to   space 3072K, 0% used [0x00000000ead00000,0x00000000ead00000,0x00000000eb000000)
 ParOldGen       total 138240K, used 128701K [0x00000000c0000000, 0x00000000c8700000, 0x00000000eab00000)
  object space 138240K, 93% used [0x00000000c0000000,0x00000000c7daf710,0x00000000c8700000)
 Metaspace       used 84742K, committed 85888K, reserved 1130496K
  class space    used 8120K, committed 8640K, reserved 1048576K
}
Event: 186978.150 GC heap after
{Heap after GC invocations=7062 (full 151):
 PSYoungGen      total 5120K, used 2080K [0x00000000eab00000, 0x00000000eb280000, 0x0000000100000000)
  eden space 2048K, 0% used [0x00000000eab00000,0x00000000eab00000,0x00000000ead00000)
  from space 3072K, 67% used [0x00000000ead00000,0x00000000eaf08000,0x00000000eb000000)
  to   space 2560K, 0% used [0x00000000eb000000,0x00000000eb000000,0x00000000eb280000)
 ParOldGen       total 138240K, used 131229K [0x00000000c0000000, 0x00000000c8700000, 0x00000000eab00000)
  object space 138240K, 94% used [0x00000000c0000000,0x00000000c8027710,0x00000000c8700000)
 Metaspace       used 84742K, committed 85888K, reserved 1130496K
  class space    used 8120K, committed 8640K, reserved 1048576K
}
Event: 186978.157 GC heap before
{Heap before GC invocations=7063 (full 151):
 PSYoungGen      total 5120K, used 4128K [0x00000000eab00000, 0x00000000eb280000, 0x0000000100000000)
  eden space 2048K, 100% used [0x00000000eab00000,0x00000000ead00000,0x00000000ead00000)
  from space 3072K, 67% used [0x00000000ead00000,0x00000000eaf08000,0x00000000eb000000)
  to   space 2560K, 0% used [0x00000000eb000000,0x00000000eb000000,0x00000000eb280000)
 ParOldGen       total 138240K, used 131229K [0x00000000c0000000, 0x00000000c8700000, 0x00000000eab00000)
  object space 138240K, 94% used [0x00000000c0000000,0x00000000c8027710,0x00000000c8700000)
 Metaspace       used 84742K, committed 85888K, reserved 1130496K
  class space    used 8120K, committed 8640K, reserved 1048576K
}
Event: 186978.168 GC heap after
{Heap after GC invocations=7063 (full 151):
 PSYoungGen      total 5120K, used 2112K [0x00000000eab00000, 0x00000000eb280000, 0x0000000100000000)
  eden space 2560K, 0% used [0x00000000eab00000,0x00000000eab00000,0x00000000ead80000)
  from space 2560K, 82% used [0x00000000eb000000,0x00000000eb210000,0x00000000eb280000)
  to   space 2560K, 0% used [0x00000000ead80000,0x00000000ead80000,0x00000000eb000000)
 ParOldGen       total 138240K, used 133253K [0x00000000c0000000, 0x00000000c8700000, 0x00000000eab00000)
  object space 138240K, 96% used [0x00000000c0000000,0x00000000c8221710,0x00000000c8700000)
 Metaspace       used 84742K, committed 85888K, reserved 1130496K
  class space    used 8120K, committed 8640K, reserved 1048576K
}
Event: 186978.179 GC heap before
{Heap before GC invocations=7064 (full 151):
 PSYoungGen      total 5120K, used 4672K [0x00000000eab00000, 0x00000000eb280000, 0x0000000100000000)
  eden space 2560K, 100% used [0x00000000eab00000,0x00000000ead80000,0x00000000ead80000)
  from space 2560K, 82% used [0x00000000eb000000,0x00000000eb210000,0x00000000eb280000)
  to   space 2560K, 0% used [0x00000000ead80000,0x00000000ead80000,0x00000000eb000000)
 ParOldGen       total 138240K, used 133253K [0x00000000c0000000, 0x00000000c8700000, 0x00000000eab00000)
  object space 138240K, 96% used [0x00000000c0000000,0x00000000c8221710,0x00000000c8700000)
 Metaspace       used 84742K, committed 85888K, reserved 1130496K
  class space    used 8120K, committed 8640K, reserved 1048576K
}
Event: 186978.192 GC heap after
{Heap after GC invocations=7064 (full 151):
 PSYoungGen      total 5120K, used 2560K [0x00000000eab00000, 0x00000000eb800000, 0x0000000100000000)
  eden space 2560K, 0% used [0x00000000eab00000,0x00000000eab00000,0x00000000ead80000)
  from space 2560K, 100% used [0x00000000ead80000,0x00000000eb000000,0x00000000eb000000)
  to   space 5120K, 0% used [0x00000000eb300000,0x00000000eb300000,0x00000000eb800000)
 ParOldGen       total 138240K, used 135309K [0x00000000c0000000, 0x00000000c8700000, 0x00000000eab00000)
  object space 138240K, 97% used [0x00000000c0000000,0x00000000c8423710,0x00000000c8700000)
 Metaspace       used 84742K, committed 85888K, reserved 1130496K
  class space    used 8120K, committed 8640K, reserved 1048576K
}
Event: 186978.203 GC heap before
{Heap before GC invocations=7065 (full 151):
 PSYoungGen      total 5120K, used 5120K [0x00000000eab00000, 0x00000000eb800000, 0x0000000100000000)
  eden space 2560K, 100% used [0x00000000eab00000,0x00000000ead80000,0x00000000ead80000)
  from space 2560K, 100% used [0x00000000ead80000,0x00000000eb000000,0x00000000eb000000)
  to   space 5120K, 0% used [0x00000000eb300000,0x00000000eb300000,0x00000000eb800000)
 ParOldGen       total 138240K, used 135309K [0x00000000c0000000, 0x00000000c8700000, 0x00000000eab00000)
  object space 138240K, 97% used [0x00000000c0000000,0x00000000c8423710,0x00000000c8700000)
 Metaspace       used 84742K, committed 85888K, reserved 1130496K
  class space    used 8120K, committed 8640K, reserved 1048576K
}
Event: 186978.218 GC heap after
{Heap after GC invocations=7065 (full 151):
 PSYoungGen      total 6144K, used 2624K [0x00000000eab00000, 0x00000000eb600000, 0x0000000100000000)
  eden space 3072K, 0% used [0x00000000eab00000,0x00000000eab00000,0x00000000eae00000)
  from space 3072K, 85% used [0x00000000eb300000,0x00000000eb590000,0x00000000eb600000)
  to   space 3584K, 0% used [0x00000000eaf00000,0x00000000eaf00000,0x00000000eb280000)
 ParOldGen       total 138240K, used 137861K [0x00000000c0000000, 0x00000000c8700000, 0x00000000eab00000)
  object space 138240K, 99% used [0x00000000c0000000,0x00000000c86a1710,0x00000000c8700000)
 Metaspace       used 84742K, committed 85888K, reserved 1130496K
  class space    used 8120K, committed 8640K, reserved 1048576K
}
Event: 186978.218 GC heap before
{Heap before GC invocations=7066 (full 152):
 PSYoungGen      total 6144K, used 2624K [0x00000000eab00000, 0x00000000eb600000, 0x0000000100000000)
  eden space 3072K, 0% used [0x00000000eab00000,0x00000000eab00000,0x00000000eae00000)
  from space 3072K, 85% used [0x00000000eb300000,0x00000000eb590000,0x00000000eb600000)
  to   space 3584K, 0% used [0x00000000eaf00000,0x00000000eaf00000,0x00000000eb280000)
 ParOldGen       total 138240K, used 137861K [0x00000000c0000000, 0x00000000c8700000, 0x00000000eab00000)
  object space 138240K, 99% used [0x00000000c0000000,0x00000000c86a1710,0x00000000c8700000)
 Metaspace       used 84742K, committed 85888K, reserved 1130496K
  class space    used 8120K, committed 8640K, reserved 1048576K
}

