# JRE version: OpenJDK Runtime Environment Temurin-17.0.6+10 (17.0.6+10) (build 17.0.6+10)
# Java VM: OpenJDK 64-Bit Server VM Temurin-17.0.6+10 (17.0.6+10, mixed mode, tiered, compressed oops, compressed class ptrs, parallel gc, windows-amd64)
GC Precious Log:
 CPUs: 4 total, 4 available
 Memory: 8089M
 Large Page Support: Disabled
 NUMA Support: Disabled
 Compressed Oops: Enabled (32-bit)
 Alignments: Space 512K, Generation 512K, Heap 2M
 Heap Min Capacity: 100M
 Heap Initial Capacity: 100M
 Heap Max Capacity: 1G
 Pre-touch: Disabled
 Parallel Workers: 4
Heap:
 PSYoungGen      total 2048K, used 1125K [0x00000000eab00000, 0x00000000eae00000, 0x0000000100000000)
  eden space 1536K, 60% used [0x00000000eab00000,0x00000000eabe9518,0x00000000eac80000)
  from space 512K, 37% used [0x00000000ead00000,0x00000000ead30000,0x00000000ead80000)
  to   space 512K, 0% used [0x00000000ead80000,0x00000000ead80000,0x00000000eae00000)
 ParOldGen       total 172032K, used 113523K [0x00000000c0000000, 0x00000000ca800000, 0x00000000eab00000)
  object space 172032K, 65% used [0x00000000c0000000,0x00000000c6edcea8,0x00000000ca800000)
 Metaspace       used 86221K, committed 87360K, reserved 1130496K
  class space    used 8550K, committed 9088K, reserved 1048576K
GC Heap History (20 events):
Event: 1703.661 GC heap before
{Heap before GC invocations=7175 (full 147):
 PSYoungGen      total 3584K, used 3573K [0x00000000eab00000, 0x00000000eb000000, 0x0000000100000000)
  eden space 3072K, 100% used [0x00000000eab00000,0x00000000eae00000,0x00000000eae00000)
  from space 512K, 97% used [0x00000000eaf00000,0x00000000eaf7d600,0x00000000eaf80000)
  to   space 512K, 0% used [0x00000000eaf80000,0x00000000eaf80000,0x00000000eb000000)
 ParOldGen       total 180224K, used 172590K [0x00000000c0000000, 0x00000000cb000000, 0x00000000eab00000)
  object space 180224K, 95% used [0x00000000c0000000,0x00000000ca88ba90,0x00000000cb000000)
 Metaspace       used 86200K, committed 87360K, reserved 1130496K
  class space    used 8550K, committed 9088K, reserved 1048576K
}
Event: 1703.663 GC heap after
{Heap after GC invocations=7175 (full 147):
 PSYoungGen      total 3584K, used 436K [0x00000000eab00000, 0x00000000eb000000, 0x0000000100000000)
  eden space 3072K, 0% used [0x00000000eab00000,0x00000000eab00000,0x00000000eae00000)
  from space 512K, 85% used [0x00000000eaf80000,0x00000000eafed200,0x00000000eb000000)
  to   space 512K, 0% used [0x00000000eaf00000,0x00000000eaf00000,0x00000000eaf80000)
 ParOldGen       total 180224K, used 172899K [0x00000000c0000000, 0x00000000cb000000, 0x00000000eab00000)
  object space 180224K, 95% used [0x00000000c0000000,0x00000000ca8d8c90,0x00000000cb000000)
 Metaspace       used 86200K, committed 87360K, reserved 1130496K
  class space    used 8550K, committed 9088K, reserved 1048576K
}
Event: 1703.684 GC heap before
{Heap before GC invocations=7176 (full 147):
 PSYoungGen      total 3584K, used 3505K [0x00000000eab00000, 0x00000000eb000000, 0x0000000100000000)
  eden space 3072K, 99% used [0x00000000eab00000,0x00000000eadff290,0x00000000eae00000)
  from space 512K, 85% used [0x00000000eaf80000,0x00000000eafed200,0x00000000eb000000)
  to   space 512K, 0% used [0x00000000eaf00000,0x00000000eaf00000,0x00000000eaf80000)
 ParOldGen       total 180224K, used 172899K [0x00000000c0000000, 0x00000000cb000000, 0x00000000eab00000)
  object space 180224K, 95% used [0x00000000c0000000,0x00000000ca8d8c90,0x00000000cb000000)
 Metaspace       used 86200K, committed 87360K, reserved 1130496K
  class space    used 8550K, committed 9088K, reserved 1048576K
}
Event: 1703.687 GC heap after
{Heap after GC invocations=7176 (full 147):
 PSYoungGen      total 3584K, used 294K [0x00000000eab00000, 0x00000000eb000000, 0x0000000100000000)
  eden space 3072K, 0% used [0x00000000eab00000,0x00000000eab00000,0x00000000eae00000)
  from space 512K, 57% used [0x00000000eaf00000,0x00000000eaf498e0,0x00000000eaf80000)
  to   space 512K, 0% used [0x00000000eaf80000,0x00000000eaf80000,0x00000000eb000000)
 ParOldGen       total 180224K, used 173150K [0x00000000c0000000, 0x00000000cb000000, 0x00000000eab00000)
  object space 180224K, 96% used [0x00000000c0000000,0x00000000ca917a18,0x00000000cb000000)
 Metaspace       used 86200K, committed 87360K, reserved 1130496K
  class space    used 8550K, committed 9088K, reserved 1048576K
}
Event: 1703.848 GC heap before
{Heap before GC invocations=7177 (full 147):
 PSYoungGen      total 3584K, used 3366K [0x00000000eab00000, 0x00000000eb000000, 0x0000000100000000)
  eden space 3072K, 100% used [0x00000000eab00000,0x00000000eae00000,0x00000000eae00000)
  from space 512K, 57% used [0x00000000eaf00000,0x00000000eaf498e0,0x00000000eaf80000)
  to   space 512K, 0% used [0x00000000eaf80000,0x00000000eaf80000,0x00000000eb000000)
 ParOldGen       total 180224K, used 173150K [0x00000000c0000000, 0x00000000cb000000, 0x00000000eab00000)
  object space 180224K, 96% used [0x00000000c0000000,0x00000000ca917a18,0x00000000cb000000)
 Metaspace       used 86201K, committed 87360K, reserved 1130496K
  class space    used 8550K, committed 9088K, reserved 1048576K
}
Event: 1703.852 GC heap after
{Heap after GC invocations=7177 (full 147):
 PSYoungGen      total 3584K, used 500K [0x00000000eab00000, 0x00000000eb000000, 0x0000000100000000)
  eden space 3072K, 0% used [0x00000000eab00000,0x00000000eab00000,0x00000000eae00000)
  from space 512K, 97% used [0x00000000eaf80000,0x00000000eaffd200,0x00000000eb000000)
  to   space 1024K, 0% used [0x00000000eae00000,0x00000000eae00000,0x00000000eaf00000)
 ParOldGen       total 180224K, used 173278K [0x00000000c0000000, 0x00000000cb000000, 0x00000000eab00000)
  object space 180224K, 96% used [0x00000000c0000000,0x00000000ca937a18,0x00000000cb000000)
 Metaspace       used 86201K, committed 87360K, reserved 1130496K
  class space    used 8550K, committed 9088K, reserved 1048576K
}
Event: 1703.868 GC heap before
{Heap before GC invocations=7178 (full 147):
 PSYoungGen      total 3584K, used 3572K [0x00000000eab00000, 0x00000000eb000000, 0x0000000100000000)
  eden space 3072K, 100% used [0x00000000eab00000,0x00000000eae00000,0x00000000eae00000)
  from space 512K, 97% used [0x00000000eaf80000,0x00000000eaffd200,0x00000000eb000000)
  to   space 1024K, 0% used [0x00000000eae00000,0x00000000eae00000,0x00000000eaf00000)
 ParOldGen       total 180224K, used 173278K [0x00000000c0000000, 0x00000000cb000000, 0x00000000eab00000)
  object space 180224K, 96% used [0x00000000c0000000,0x00000000ca937a18,0x00000000cb000000)
 Metaspace       used 86201K, committed 87360K, reserved 1130496K
  class space    used 8550K, committed 9088K, reserved 1048576K
}
Event: 1703.872 GC heap after
{Heap after GC invocations=7178 (full 147):
 PSYoungGen      total 4096K, used 340K [0x00000000eab00000, 0x00000000eb000000, 0x0000000100000000)
  eden space 3072K, 0% used [0x00000000eab00000,0x00000000eab00000,0x00000000eae00000)
  from space 1024K, 33% used [0x00000000eae00000,0x00000000eae55200,0x00000000eaf00000)
  to   space 512K, 0% used [0x00000000eaf80000,0x00000000eaf80000,0x00000000eb000000)
 ParOldGen       total 180224K, used 173762K [0x00000000c0000000, 0x00000000cb000000, 0x00000000eab00000)
  object space 180224K, 96% used [0x00000000c0000000,0x00000000ca9b09c0,0x00000000cb000000)
 Metaspace       used 86201K, committed 87360K, reserved 1130496K
  class space    used 8550K, committed 9088K, reserved 1048576K
}
Event: 1703.891 GC heap before
{Heap before GC invocations=7179 (full 147):
 PSYoungGen      total 4096K, used 3370K [0x00000000eab00000, 0x00000000eb000000, 0x0000000100000000)
  eden space 3072K, 98% used [0x00000000eab00000,0x00000000eadf59c0,0x00000000eae00000)
  from space 1024K, 33% used [0x00000000eae00000,0x00000000eae55200,0x00000000eaf00000)
  to   space 512K, 0% used [0x00000000eaf80000,0x00000000eaf80000,0x00000000eb000000)
 ParOldGen       total 180224K, used 173762K [0x00000000c0000000, 0x00000000cb000000, 0x00000000eab00000)
  object space 180224K, 96% used [0x00000000c0000000,0x00000000ca9b09c0,0x00000000cb000000)
 Metaspace       used 86201K, committed 87360K, reserved 1130496K
  class space    used 8550K, committed 9088K, reserved 1048576K
}
Event: 1703.893 GC heap after
{Heap after GC invocations=7179 (full 147):
 PSYoungGen      total 2048K, used 510K [0x00000000eab00000, 0x00000000eb400000, 0x0000000100000000)
  eden space 1536K, 0% used [0x00000000eab00000,0x00000000eab00000,0x00000000eac80000)
  from space 512K, 99% used [0x00000000eaf80000,0x00000000eafffb50,0x00000000eb000000)
  to   space 3072K, 0% used [0x00000000eac80000,0x00000000eac80000,0x00000000eaf80000)
 ParOldGen       total 180224K, used 175574K [0x00000000c0000000, 0x00000000cb000000, 0x00000000eab00000)
  object space 180224K, 97% used [0x00000000c0000000,0x00000000cab75840,0x00000000cb000000)
 Metaspace       used 86201K, committed 87360K, reserved 1130496K
  class space    used 8550K, committed 9088K, reserved 1048576K
}
Event: 1703.907 GC heap before
{Heap before GC invocations=7180 (full 147):
 PSYoungGen      total 2048K, used 2001K [0x00000000eab00000, 0x00000000eb400000, 0x0000000100000000)
  eden space 1536K, 97% used [0x00000000eab00000,0x00000000eac74b58,0x00000000eac80000)
  from space 512K, 99% used [0x00000000eaf80000,0x00000000eafffb50,0x00000000eb000000)
  to   space 3072K, 0% used [0x00000000eac80000,0x00000000eac80000,0x00000000eaf80000)
 ParOldGen       total 180224K, used 175574K [0x00000000c0000000, 0x00000000cb000000, 0x00000000eab00000)
  object space 180224K, 97% used [0x00000000c0000000,0x00000000cab75840,0x00000000cb000000)
 Metaspace       used 86201K, committed 87360K, reserved 1130496K
  class space    used 8550K, committed 9088K, reserved 1048576K
}
Event: 1703.909 GC heap after
{Heap after GC invocations=7180 (full 147):
 PSYoungGen      total 3072K, used 1151K [0x00000000eab00000, 0x00000000eb080000, 0x0000000100000000)
  eden space 1536K, 0% used [0x00000000eab00000,0x00000000eab00000,0x00000000eac80000)
  from space 1536K, 74% used [0x00000000eac80000,0x00000000ead9fd68,0x00000000eae00000)
  to   space 2048K, 0% used [0x00000000eae80000,0x00000000eae80000,0x00000000eb080000)
 ParOldGen       total 180224K, used 176088K [0x00000000c0000000, 0x00000000cb000000, 0x00000000eab00000)
  object space 180224K, 97% used [0x00000000c0000000,0x00000000cabf6300,0x00000000cb000000)
 Metaspace       used 86201K, committed 87360K, reserved 1130496K
  class space    used 8550K, committed 9088K, reserved 1048576K
}
Event: 1703.921 GC heap before
{Heap before GC invocations=7181 (full 147):
 PSYoungGen      total 3072K, used 2687K [0x00000000eab00000, 0x00000000eb080000, 0x0000000100000000)
  eden space 1536K, 100% used [0x00000000eab00000,0x00000000eac80000,0x00000000eac80000)
  from space 1536K, 74% used [0x00000000eac80000,0x00000000ead9fd68,0x00000000eae00000)
  to   space 2048K, 0% used [0x00000000eae80000,0x00000000eae80000,0x00000000eb080000)
 ParOldGen       total 180224K, used 176088K [0x00000000c0000000, 0x00000000cb000000, 0x00000000eab00000)
  object space 180224K, 97% used [0x00000000c0000000,0x00000000cabf6300,0x00000000cb000000)
 Metaspace       used 86201K, committed 87360K, reserved 1130496K
  class space    used 8550K, committed 9088K, reserved 1048576K
}
Event: 1703.923 GC heap after
{Heap after GC invocations=7181 (full 147):
 PSYoungGen      total 3072K, used 1402K [0x00000000eab00000, 0x00000000eb000000, 0x0000000100000000)
  eden space 1536K, 0% used [0x00000000eab00000,0x00000000eab00000,0x00000000eac80000)
  from space 1536K, 91% used [0x00000000eae80000,0x00000000eafde858,0x00000000eb000000)
  to   space 1536K, 0% used [0x00000000eac80000,0x00000000eac80000,0x00000000eae00000)
 ParOldGen       total 180224K, used 177205K [0x00000000c0000000, 0x00000000cb000000, 0x00000000eab00000)
  object space 180224K, 98% used [0x00000000c0000000,0x00000000cad0d770,0x00000000cb000000)
 Metaspace       used 86201K, committed 87360K, reserved 1130496K
  class space    used 8550K, committed 9088K, reserved 1048576K
}
Event: 1703.939 GC heap before
{Heap before GC invocations=7182 (full 147):
 PSYoungGen      total 3072K, used 2921K [0x00000000eab00000, 0x00000000eb000000, 0x0000000100000000)
  eden space 1536K, 98% used [0x00000000eab00000,0x00000000eac7bd30,0x00000000eac80000)
  from space 1536K, 91% used [0x00000000eae80000,0x00000000eafde858,0x00000000eb000000)
  to   space 1536K, 0% used [0x00000000eac80000,0x00000000eac80000,0x00000000eae00000)
 ParOldGen       total 180224K, used 177205K [0x00000000c0000000, 0x00000000cb000000, 0x00000000eab00000)
  object space 180224K, 98% used [0x00000000c0000000,0x00000000cad0d770,0x00000000cb000000)
 Metaspace       used 86201K, committed 87360K, reserved 1130496K
  class space    used 8550K, committed 9088K, reserved 1048576K
}
Event: 1703.941 GC heap after
{Heap after GC invocations=7182 (full 147):
 PSYoungGen      total 3072K, used 1174K [0x00000000eab00000, 0x00000000eaf80000, 0x0000000100000000)
  eden space 1536K, 0% used [0x00000000eab00000,0x00000000eab00000,0x00000000eac80000)
  from space 1536K, 76% used [0x00000000eac80000,0x00000000eada5b58,0x00000000eae00000)
  to   space 1536K, 0% used [0x00000000eae00000,0x00000000eae00000,0x00000000eaf80000)
 ParOldGen       total 180224K, used 178532K [0x00000000c0000000, 0x00000000cb000000, 0x00000000eab00000)
  object space 180224K, 99% used [0x00000000c0000000,0x00000000cae592f8,0x00000000cb000000)
 Metaspace       used 86201K, committed 87360K, reserved 1130496K
  class space    used 8550K, committed 9088K, reserved 1048576K
}
Event: 1703.957 GC heap before
{Heap before GC invocations=7183 (full 147):
 PSYoungGen      total 3072K, used 2710K [0x00000000eab00000, 0x00000000eaf80000, 0x0000000100000000)
  eden space 1536K, 100% used [0x00000000eab00000,0x00000000eac80000,0x00000000eac80000)
  from space 1536K, 76% used [0x00000000eac80000,0x00000000eada5b58,0x00000000eae00000)
  to   space 1536K, 0% used [0x00000000eae00000,0x00000000eae00000,0x00000000eaf80000)
 ParOldGen       total 180224K, used 178532K [0x00000000c0000000, 0x00000000cb000000, 0x00000000eab00000)
  object space 180224K, 99% used [0x00000000c0000000,0x00000000cae592f8,0x00000000cb000000)
 Metaspace       used 86202K, committed 87360K, reserved 1130496K
  class space    used 8550K, committed 9088K, reserved 1048576K
}
Event: 1703.959 GC heap after
{Heap after GC invocations=7183 (full 147):
 PSYoungGen      total 2560K, used 784K [0x00000000eab00000, 0x00000000eaf00000, 0x0000000100000000)
  eden space 1536K, 0% used [0x00000000eab00000,0x00000000eab00000,0x00000000eac80000)
  from space 1024K, 76% used [0x00000000eae00000,0x00000000eaec4020,0x00000000eaf00000)
  to   space 1024K, 0% used [0x00000000ead00000,0x00000000ead00000,0x00000000eae00000)
 ParOldGen       total 180224K, used 179644K [0x00000000c0000000, 0x00000000cb000000, 0x00000000eab00000)
  object space 180224K, 99% used [0x00000000c0000000,0x00000000caf6f048,0x00000000cb000000)
 Metaspace       used 86202K, committed 87360K, reserved 1130496K
  class space    used 8550K, committed 9088K, reserved 1048576K
}
Event: 1703.959 GC heap before
{Heap before GC invocations=7184 (full 148):
 PSYoungGen      total 2560K, used 784K [0x00000000eab00000, 0x00000000eaf00000, 0x0000000100000000)
  eden space 1536K, 0% used [0x00000000eab00000,0x00000000eab00000,0x00000000eac80000)
  from space 1024K, 76% used [0x00000000eae00000,0x00000000eaec4020,0x00000000eaf00000)
  to   space 1024K, 0% used [0x00000000ead00000,0x00000000ead00000,0x00000000eae00000)
 ParOldGen       total 180224K, used 179644K [0x00000000c0000000, 0x00000000cb000000, 0x00000000eab00000)
  object space 180224K, 99% used [0x00000000c0000000,0x00000000caf6f048,0x00000000cb000000)
 Metaspace       used 86202K, committed 87360K, reserved 1130496K
  class space    used 8550K, committed 9088K, reserved 1048576K
}
Event: 1704.172 GC heap after
{Heap after GC invocations=7184 (full 148):
 PSYoungGen      total 2048K, used 0K [0x00000000eab00000, 0x00000000eae80000, 0x0000000100000000)
  eden space 1536K, 0% used [0x00000000eab00000,0x00000000eab00000,0x00000000eac80000)
  from space 512K, 0% used [0x00000000ead00000,0x00000000ead00000,0x00000000ead80000)
  to   space 1024K, 0% used [0x00000000ead80000,0x00000000ead80000,0x00000000eae80000)
 ParOldGen       total 172032K, used 110426K [0x00000000c0000000, 0x00000000ca800000, 0x00000000eab00000)
  object space 172032K, 64% used [0x00000000c0000000,0x00000000c6bd6aa8,0x00000000ca800000)
 Metaspace       used 86202K, committed 87360K, reserved 1130496K
  class space    used 8550K, committed 9088K, reserved 1048576K
}

