# JRE version: OpenJDK Runtime Environment Temurin-17.0.6+10 (17.0.6+10) (build 17.0.6+10)
# Java VM: OpenJDK 64-Bit Server VM Temurin-17.0.6+10 (17.0.6+10, mixed mode, tiered, compressed oops, compressed class ptrs, parallel gc, windows-amd64)
GC Precious Log:
 CPUs: 4 total, 4 available
 Memory: 8089M
 Large Page Support: Disabled
 NUMA Support: Disabled
 Compressed Oops: Enabled (32-bit)
 Alignments: Space 512K, Generation 512K, Heap 2M
 Heap Min Capacity: 100M
 Heap Initial Capacity: 100M
 Heap Max Capacity: 1G
 Pre-touch: Disabled
 Parallel Workers: 4
Heap:
 PSYoungGen      total 9728K, used 9721K [0x00000000eab00000, 0x00000000ebb00000, 0x0000000100000000)
  eden space 8704K, 100% used [0x00000000eab00000,0x00000000eb380000,0x00000000eb380000)
  from space 1024K, 99% used [0x00000000eb700000,0x00000000eb7fe410,0x00000000eb800000)
  to   space 3584K, 99% used [0x00000000eb380000,0x00000000eb6f8d00,0x00000000eb700000)
 ParOldGen       total 220160K, used 200565K [0x00000000c0000000, 0x00000000cd700000, 0x00000000eab00000)
  object space 220160K, 91% used [0x00000000c0000000,0x00000000cc3dd7e0,0x00000000cd700000)
 Metaspace       used 91033K, committed 92288K, reserved 1138688K
  class space    used 8717K, committed 9280K, reserved 1048576K
GC Heap History (20 events):
Event: 16868.719 GC heap after
{Heap after GC invocations=14920 (full 307):
 PSYoungGen      total 15360K, used 5668K [0x00000000eab00000, 0x00000000ec000000, 0x0000000100000000)
  eden space 9216K, 0% used [0x00000000eab00000,0x00000000eab00000,0x00000000eb400000)
  from space 6144K, 92% used [0x00000000eb480000,0x00000000eba093f0,0x00000000eba80000)
  to   space 5632K, 0% used [0x00000000eba80000,0x00000000eba80000,0x00000000ec000000)
 ParOldGen       total 220160K, used 188731K [0x00000000c0000000, 0x00000000cd700000, 0x00000000eab00000)
  object space 220160K, 85% used [0x00000000c0000000,0x00000000cb84ef40,0x00000000cd700000)
 Metaspace       used 91033K, committed 92288K, reserved 1138688K
  class space    used 8717K, committed 9280K, reserved 1048576K
}
Event: 16868.743 GC heap before
{Heap before GC invocations=14921 (full 307):
 PSYoungGen      total 15360K, used 14884K [0x00000000eab00000, 0x00000000ec000000, 0x0000000100000000)
  eden space 9216K, 100% used [0x00000000eab00000,0x00000000eb400000,0x00000000eb400000)
  from space 6144K, 92% used [0x00000000eb480000,0x00000000eba093f0,0x00000000eba80000)
  to   space 5632K, 0% used [0x00000000eba80000,0x00000000eba80000,0x00000000ec000000)
 ParOldGen       total 220160K, used 188731K [0x00000000c0000000, 0x00000000cd700000, 0x00000000eab00000)
  object space 220160K, 85% used [0x00000000c0000000,0x00000000cb84ef40,0x00000000cd700000)
 Metaspace       used 91033K, committed 92288K, reserved 1138688K
  class space    used 8717K, committed 9280K, reserved 1048576K
}
Event: 16868.747 GC heap after
{Heap after GC invocations=14921 (full 307):
 PSYoungGen      total 14848K, used 5621K [0x00000000eab00000, 0x00000000ec000000, 0x0000000100000000)
  eden space 9216K, 0% used [0x00000000eab00000,0x00000000eab00000,0x00000000eb400000)
  from space 5632K, 99% used [0x00000000eba80000,0x00000000ebffd400,0x00000000ec000000)
  to   space 6144K, 0% used [0x00000000eb400000,0x00000000eb400000,0x00000000eba00000)
 ParOldGen       total 220160K, used 189171K [0x00000000c0000000, 0x00000000cd700000, 0x00000000eab00000)
  object space 220160K, 85% used [0x00000000c0000000,0x00000000cb8bcf40,0x00000000cd700000)
 Metaspace       used 91033K, committed 92288K, reserved 1138688K
  class space    used 8717K, committed 9280K, reserved 1048576K
}
Event: 16868.785 GC heap before
{Heap before GC invocations=14922 (full 307):
 PSYoungGen      total 14848K, used 14837K [0x00000000eab00000, 0x00000000ec000000, 0x0000000100000000)
  eden space 9216K, 100% used [0x00000000eab00000,0x00000000eb400000,0x00000000eb400000)
  from space 5632K, 99% used [0x00000000eba80000,0x00000000ebffd400,0x00000000ec000000)
  to   space 6144K, 0% used [0x00000000eb400000,0x00000000eb400000,0x00000000eba00000)
 ParOldGen       total 220160K, used 189171K [0x00000000c0000000, 0x00000000cd700000, 0x00000000eab00000)
  object space 220160K, 85% used [0x00000000c0000000,0x00000000cb8bcf40,0x00000000cd700000)
 Metaspace       used 91033K, committed 92288K, reserved 1138688K
  class space    used 8717K, committed 9280K, reserved 1048576K
}
Event: 16868.790 GC heap after
{Heap after GC invocations=14922 (full 307):
 PSYoungGen      total 9728K, used 154K [0x00000000eab00000, 0x00000000ebb00000, 0x0000000100000000)
  eden space 9216K, 0% used [0x00000000eab00000,0x00000000eab00000,0x00000000eb400000)
  from space 512K, 30% used [0x00000000eb400000,0x00000000eb426900,0x00000000eb480000)
  to   space 2560K, 0% used [0x00000000eb880000,0x00000000eb880000,0x00000000ebb00000)
 ParOldGen       total 220160K, used 194308K [0x00000000c0000000, 0x00000000cd700000, 0x00000000eab00000)
  object space 220160K, 88% used [0x00000000c0000000,0x00000000cbdc1130,0x00000000cd700000)
 Metaspace       used 91033K, committed 92288K, reserved 1138688K
  class space    used 8717K, committed 9280K, reserved 1048576K
}
Event: 16868.823 GC heap before
{Heap before GC invocations=14923 (full 307):
 PSYoungGen      total 9728K, used 9370K [0x00000000eab00000, 0x00000000ebb00000, 0x0000000100000000)
  eden space 9216K, 100% used [0x00000000eab00000,0x00000000eb400000,0x00000000eb400000)
  from space 512K, 30% used [0x00000000eb400000,0x00000000eb426900,0x00000000eb480000)
  to   space 2560K, 0% used [0x00000000eb880000,0x00000000eb880000,0x00000000ebb00000)
 ParOldGen       total 220160K, used 194308K [0x00000000c0000000, 0x00000000cd700000, 0x00000000eab00000)
  object space 220160K, 88% used [0x00000000c0000000,0x00000000cbdc1130,0x00000000cd700000)
 Metaspace       used 91033K, committed 92288K, reserved 1138688K
  class space    used 8717K, committed 9280K, reserved 1048576K
}
Event: 16868.825 GC heap after
{Heap after GC invocations=14923 (full 307):
 PSYoungGen      total 10240K, used 820K [0x00000000eab00000, 0x00000000eb980000, 0x0000000100000000)
  eden space 9216K, 0% used [0x00000000eab00000,0x00000000eab00000,0x00000000eb400000)
  from space 1024K, 80% used [0x00000000eb880000,0x00000000eb94d200,0x00000000eb980000)
  to   space 1024K, 0% used [0x00000000eb780000,0x00000000eb780000,0x00000000eb880000)
 ParOldGen       total 220160K, used 194308K [0x00000000c0000000, 0x00000000cd700000, 0x00000000eab00000)
  object space 220160K, 88% used [0x00000000c0000000,0x00000000cbdc1130,0x00000000cd700000)
 Metaspace       used 91033K, committed 92288K, reserved 1138688K
  class space    used 8717K, committed 9280K, reserved 1048576K
}
Event: 16868.855 GC heap before
{Heap before GC invocations=14924 (full 307):
 PSYoungGen      total 10240K, used 10036K [0x00000000eab00000, 0x00000000eb980000, 0x0000000100000000)
  eden space 9216K, 100% used [0x00000000eab00000,0x00000000eb400000,0x00000000eb400000)
  from space 1024K, 80% used [0x00000000eb880000,0x00000000eb94d200,0x00000000eb980000)
  to   space 1024K, 0% used [0x00000000eb780000,0x00000000eb780000,0x00000000eb880000)
 ParOldGen       total 220160K, used 194308K [0x00000000c0000000, 0x00000000cd700000, 0x00000000eab00000)
  object space 220160K, 88% used [0x00000000c0000000,0x00000000cbdc1130,0x00000000cd700000)
 Metaspace       used 91033K, committed 92288K, reserved 1138688K
  class space    used 8717K, committed 9280K, reserved 1048576K
}
Event: 16868.857 GC heap after
{Heap after GC invocations=14924 (full 307):
 PSYoungGen      total 10240K, used 276K [0x00000000eab00000, 0x00000000eb900000, 0x0000000100000000)
  eden space 9216K, 0% used [0x00000000eab00000,0x00000000eab00000,0x00000000eb400000)
  from space 1024K, 27% used [0x00000000eb780000,0x00000000eb7c5200,0x00000000eb880000)
  to   space 512K, 0% used [0x00000000eb880000,0x00000000eb880000,0x00000000eb900000)
 ParOldGen       total 220160K, used 194308K [0x00000000c0000000, 0x00000000cd700000, 0x00000000eab00000)
  object space 220160K, 88% used [0x00000000c0000000,0x00000000cbdc1130,0x00000000cd700000)
 Metaspace       used 91033K, committed 92288K, reserved 1138688K
  class space    used 8717K, committed 9280K, reserved 1048576K
}
Event: 16868.883 GC heap before
{Heap before GC invocations=14925 (full 307):
 PSYoungGen      total 10240K, used 9492K [0x00000000eab00000, 0x00000000eb900000, 0x0000000100000000)
  eden space 9216K, 100% used [0x00000000eab00000,0x00000000eb400000,0x00000000eb400000)
  from space 1024K, 27% used [0x00000000eb780000,0x00000000eb7c5200,0x00000000eb880000)
  to   space 512K, 0% used [0x00000000eb880000,0x00000000eb880000,0x00000000eb900000)
 ParOldGen       total 220160K, used 194308K [0x00000000c0000000, 0x00000000cd700000, 0x00000000eab00000)
  object space 220160K, 88% used [0x00000000c0000000,0x00000000cbdc1130,0x00000000cd700000)
 Metaspace       used 91033K, committed 92288K, reserved 1138688K
  class space    used 8717K, committed 9280K, reserved 1048576K
}
Event: 16868.886 GC heap after
{Heap after GC invocations=14925 (full 307):
 PSYoungGen      total 9728K, used 484K [0x00000000eab00000, 0x00000000eb900000, 0x0000000100000000)
  eden space 9216K, 0% used [0x00000000eab00000,0x00000000eab00000,0x00000000eb400000)
  from space 512K, 94% used [0x00000000eb880000,0x00000000eb8f9210,0x00000000eb900000)
  to   space 2048K, 0% used [0x00000000eb500000,0x00000000eb500000,0x00000000eb700000)
 ParOldGen       total 220160K, used 195309K [0x00000000c0000000, 0x00000000cd700000, 0x00000000eab00000)
  object space 220160K, 88% used [0x00000000c0000000,0x00000000cbebb5b0,0x00000000cd700000)
 Metaspace       used 91033K, committed 92288K, reserved 1138688K
  class space    used 8717K, committed 9280K, reserved 1048576K
}
Event: 16869.687 GC heap before
{Heap before GC invocations=14926 (full 307):
 PSYoungGen      total 9728K, used 9700K [0x00000000eab00000, 0x00000000eb900000, 0x0000000100000000)
  eden space 9216K, 100% used [0x00000000eab00000,0x00000000eb400000,0x00000000eb400000)
  from space 512K, 94% used [0x00000000eb880000,0x00000000eb8f9210,0x00000000eb900000)
  to   space 2048K, 0% used [0x00000000eb500000,0x00000000eb500000,0x00000000eb700000)
 ParOldGen       total 220160K, used 195309K [0x00000000c0000000, 0x00000000cd700000, 0x00000000eab00000)
  object space 220160K, 88% used [0x00000000c0000000,0x00000000cbebb5b0,0x00000000cd700000)
 Metaspace       used 91033K, committed 92288K, reserved 1138688K
  class space    used 8717K, committed 9280K, reserved 1048576K
}
Event: 16869.691 GC heap after
{Heap after GC invocations=14926 (full 307):
 PSYoungGen      total 11264K, used 1022K [0x00000000eab00000, 0x00000000eb900000, 0x0000000100000000)
  eden space 9216K, 0% used [0x00000000eab00000,0x00000000eab00000,0x00000000eb400000)
  from space 2048K, 49% used [0x00000000eb500000,0x00000000eb5ffb10,0x00000000eb700000)
  to   space 1536K, 0% used [0x00000000eb780000,0x00000000eb780000,0x00000000eb900000)
 ParOldGen       total 220160K, used 195325K [0x00000000c0000000, 0x00000000cd700000, 0x00000000eab00000)
  object space 220160K, 88% used [0x00000000c0000000,0x00000000cbebf5b0,0x00000000cd700000)
 Metaspace       used 91033K, committed 92288K, reserved 1138688K
  class space    used 8717K, committed 9280K, reserved 1048576K
}
Event: 16870.127 GC heap before
{Heap before GC invocations=14927 (full 307):
 PSYoungGen      total 11264K, used 10238K [0x00000000eab00000, 0x00000000eb900000, 0x0000000100000000)
  eden space 9216K, 100% used [0x00000000eab00000,0x00000000eb400000,0x00000000eb400000)
  from space 2048K, 49% used [0x00000000eb500000,0x00000000eb5ffb10,0x00000000eb700000)
  to   space 1536K, 0% used [0x00000000eb780000,0x00000000eb780000,0x00000000eb900000)
 ParOldGen       total 220160K, used 195325K [0x00000000c0000000, 0x00000000cd700000, 0x00000000eab00000)
  object space 220160K, 88% used [0x00000000c0000000,0x00000000cbebf5b0,0x00000000cd700000)
 Metaspace       used 91033K, committed 92288K, reserved 1138688K
  class space    used 8717K, committed 9280K, reserved 1048576K
}
Event: 16870.129 GC heap after
{Heap after GC invocations=14927 (full 307):
 PSYoungGen      total 10752K, used 1236K [0x00000000eab00000, 0x00000000eb900000, 0x0000000100000000)
  eden space 9216K, 0% used [0x00000000eab00000,0x00000000eab00000,0x00000000eb400000)
  from space 1536K, 80% used [0x00000000eb780000,0x00000000eb8b5200,0x00000000eb900000)
  to   space 1536K, 0% used [0x00000000eb600000,0x00000000eb600000,0x00000000eb780000)
 ParOldGen       total 220160K, used 195325K [0x00000000c0000000, 0x00000000cd700000, 0x00000000eab00000)
  object space 220160K, 88% used [0x00000000c0000000,0x00000000cbebf5b0,0x00000000cd700000)
 Metaspace       used 91033K, committed 92288K, reserved 1138688K
  class space    used 8717K, committed 9280K, reserved 1048576K
}
Event: 16870.792 GC heap before
{Heap before GC invocations=14928 (full 307):
 PSYoungGen      total 10752K, used 10452K [0x00000000eab00000, 0x00000000eb900000, 0x0000000100000000)
  eden space 9216K, 100% used [0x00000000eab00000,0x00000000eb400000,0x00000000eb400000)
  from space 1536K, 80% used [0x00000000eb780000,0x00000000eb8b5200,0x00000000eb900000)
  to   space 1536K, 0% used [0x00000000eb600000,0x00000000eb600000,0x00000000eb780000)
 ParOldGen       total 220160K, used 195325K [0x00000000c0000000, 0x00000000cd700000, 0x00000000eab00000)
  object space 220160K, 88% used [0x00000000c0000000,0x00000000cbebf5b0,0x00000000cd700000)
 Metaspace       used 91033K, committed 92288K, reserved 1138688K
  class space    used 8717K, committed 9280K, reserved 1048576K
}
Event: 16870.794 GC heap after
{Heap after GC invocations=14928 (full 307):
 PSYoungGen      total 10240K, used 698K [0x00000000eab00000, 0x00000000eb800000, 0x0000000100000000)
  eden space 9216K, 0% used [0x00000000eab00000,0x00000000eab00000,0x00000000eb400000)
  from space 1024K, 68% used [0x00000000eb600000,0x00000000eb6ae900,0x00000000eb700000)
  to   space 1024K, 0% used [0x00000000eb700000,0x00000000eb700000,0x00000000eb800000)
 ParOldGen       total 220160K, used 195325K [0x00000000c0000000, 0x00000000cd700000, 0x00000000eab00000)
  object space 220160K, 88% used [0x00000000c0000000,0x00000000cbebf5b0,0x00000000cd700000)
 Metaspace       used 91033K, committed 92288K, reserved 1138688K
  class space    used 8717K, committed 9280K, reserved 1048576K
}
Event: 16871.027 GC heap before
{Heap before GC invocations=14929 (full 307):
 PSYoungGen      total 10240K, used 9914K [0x00000000eab00000, 0x00000000eb800000, 0x0000000100000000)
  eden space 9216K, 100% used [0x00000000eab00000,0x00000000eb400000,0x00000000eb400000)
  from space 1024K, 68% used [0x00000000eb600000,0x00000000eb6ae900,0x00000000eb700000)
  to   space 1024K, 0% used [0x00000000eb700000,0x00000000eb700000,0x00000000eb800000)
 ParOldGen       total 220160K, used 195325K [0x00000000c0000000, 0x00000000cd700000, 0x00000000eab00000)
  object space 220160K, 88% used [0x00000000c0000000,0x00000000cbebf5b0,0x00000000cd700000)
 Metaspace       used 91033K, committed 92288K, reserved 1138688K
  class space    used 8717K, committed 9280K, reserved 1048576K
}
Event: 16871.032 GC heap after
{Heap after GC invocations=14929 (full 307):
 PSYoungGen      total 9728K, used 1017K [0x00000000eab00000, 0x00000000ebb00000, 0x0000000100000000)
  eden space 8704K, 0% used [0x00000000eab00000,0x00000000eab00000,0x00000000eb380000)
  from space 1024K, 99% used [0x00000000eb700000,0x00000000eb7fe410,0x00000000eb800000)
  to   space 3584K, 0% used [0x00000000eb380000,0x00000000eb380000,0x00000000eb700000)
 ParOldGen       total 220160K, used 197389K [0x00000000c0000000, 0x00000000cd700000, 0x00000000eab00000)
  object space 220160K, 89% used [0x00000000c0000000,0x00000000cc0c37c0,0x00000000cd700000)
 Metaspace       used 91033K, committed 92288K, reserved 1138688K
  class space    used 8717K, committed 9280K, reserved 1048576K
}
Event: 16871.078 GC heap before
{Heap before GC invocations=14930 (full 307):
 PSYoungGen      total 9728K, used 9721K [0x00000000eab00000, 0x00000000ebb00000, 0x0000000100000000)
  eden space 8704K, 100% used [0x00000000eab00000,0x00000000eb380000,0x00000000eb380000)
  from space 1024K, 99% used [0x00000000eb700000,0x00000000eb7fe410,0x00000000eb800000)
  to   space 3584K, 0% used [0x00000000eb380000,0x00000000eb380000,0x00000000eb700000)
 ParOldGen       total 220160K, used 197389K [0x00000000c0000000, 0x00000000cd700000, 0x00000000eab00000)
  object space 220160K, 89% used [0x00000000c0000000,0x00000000cc0c37c0,0x00000000cd700000)
 Metaspace       used 91033K, committed 92288K, reserved 1138688K
  class space    used 8717K, committed 9280K, reserved 1048576K
}

