# JRE version: OpenJDK Runtime Environment Temurin-17.0.5+8 (17.0.5+8) (build 17.0.5+8)
# Java VM: OpenJDK 64-Bit Server VM Temurin-17.0.5+8 (17.0.5+8, mixed mode, tiered, compressed oops, compressed class ptrs, parallel gc, windows-amd64)
GC Precious Log:
 CPUs: 4 total, 4 available
 Memory: 8089M
 Large Page Support: Disabled
 NUMA Support: Disabled
 Compressed Oops: Enabled (32-bit)
 Alignments: Space 512K, Generation 512K, Heap 2M
 Heap Min Capacity: 100M
 Heap Initial Capacity: 100M
 Heap Max Capacity: 1G
 Pre-touch: Disabled
 Parallel Workers: 4
Heap:
 PSYoungGen      total 9728K, used 9492K [0x00000000eab00000, 0x00000000eb600000, 0x0000000100000000)
  eden space 8192K, 100% used [0x00000000eab00000,0x00000000eb300000,0x00000000eb300000)
  from space 1536K, 84% used [0x00000000eb400000,0x00000000eb545200,0x00000000eb580000)
  to   space 512K, 98% used [0x00000000eb580000,0x00000000eb5fe900,0x00000000eb600000)
 ParOldGen       total 174080K, used 165221K [0x00000000c0000000, 0x00000000caa00000, 0x00000000eab00000)
  object space 174080K, 94% used [0x00000000c0000000,0x00000000ca159580,0x00000000caa00000)
 Metaspace       used 88145K, committed 89472K, reserved 1130496K
  class space    used 8597K, committed 9216K, reserved 1048576K
GC Heap History (20 events):
Event: 2467.834 GC heap after
{Heap after GC invocations=7716 (full 165):
 PSYoungGen      total 4608K, used 1376K [0x00000000eab00000, 0x00000000eb280000, 0x0000000100000000)
  eden space 3072K, 0% used [0x00000000eab00000,0x00000000eab00000,0x00000000eae00000)
  from space 1536K, 89% used [0x00000000eb100000,0x00000000eb258000,0x00000000eb280000)
  to   space 2048K, 0% used [0x00000000eae80000,0x00000000eae80000,0x00000000eb080000)
 ParOldGen       total 174080K, used 147780K [0x00000000c0000000, 0x00000000caa00000, 0x00000000eab00000)
  object space 174080K, 84% used [0x00000000c0000000,0x00000000c90511d0,0x00000000caa00000)
 Metaspace       used 88144K, committed 89472K, reserved 1130496K
  class space    used 8597K, committed 9216K, reserved 1048576K
}
Event: 2467.851 GC heap before
{Heap before GC invocations=7717 (full 165):
 PSYoungGen      total 4608K, used 4448K [0x00000000eab00000, 0x00000000eb280000, 0x0000000100000000)
  eden space 3072K, 100% used [0x00000000eab00000,0x00000000eae00000,0x00000000eae00000)
  from space 1536K, 89% used [0x00000000eb100000,0x00000000eb258000,0x00000000eb280000)
  to   space 2048K, 0% used [0x00000000eae80000,0x00000000eae80000,0x00000000eb080000)
 ParOldGen       total 174080K, used 147780K [0x00000000c0000000, 0x00000000caa00000, 0x00000000eab00000)
  object space 174080K, 84% used [0x00000000c0000000,0x00000000c90511d0,0x00000000caa00000)
 Metaspace       used 88144K, committed 89472K, reserved 1130496K
  class space    used 8597K, committed 9216K, reserved 1048576K
}
Event: 2467.859 GC heap after
{Heap after GC invocations=7717 (full 165):
 PSYoungGen      total 5632K, used 2036K [0x00000000eab00000, 0x00000000eb800000, 0x0000000100000000)
  eden space 3584K, 0% used [0x00000000eab00000,0x00000000eab00000,0x00000000eae80000)
  from space 2048K, 99% used [0x00000000eae80000,0x00000000eb07d200,0x00000000eb080000)
  to   space 4608K, 0% used [0x00000000eb380000,0x00000000eb380000,0x00000000eb800000)
 ParOldGen       total 174080K, used 149498K [0x00000000c0000000, 0x00000000caa00000, 0x00000000eab00000)
  object space 174080K, 85% used [0x00000000c0000000,0x00000000c91feb90,0x00000000caa00000)
 Metaspace       used 88144K, committed 89472K, reserved 1130496K
  class space    used 8597K, committed 9216K, reserved 1048576K
}
Event: 2467.874 GC heap before
{Heap before GC invocations=7718 (full 165):
 PSYoungGen      total 5632K, used 5620K [0x00000000eab00000, 0x00000000eb800000, 0x0000000100000000)
  eden space 3584K, 100% used [0x00000000eab00000,0x00000000eae80000,0x00000000eae80000)
  from space 2048K, 99% used [0x00000000eae80000,0x00000000eb07d200,0x00000000eb080000)
  to   space 4608K, 0% used [0x00000000eb380000,0x00000000eb380000,0x00000000eb800000)
 ParOldGen       total 174080K, used 149498K [0x00000000c0000000, 0x00000000caa00000, 0x00000000eab00000)
  object space 174080K, 85% used [0x00000000c0000000,0x00000000c91feb90,0x00000000caa00000)
 Metaspace       used 88144K, committed 89472K, reserved 1130496K
  class space    used 8597K, committed 9216K, reserved 1048576K
}
Event: 2467.879 GC heap after
{Heap after GC invocations=7718 (full 165):
 PSYoungGen      total 6656K, used 1914K [0x00000000eab00000, 0x00000000eb580000, 0x0000000100000000)
  eden space 4608K, 0% used [0x00000000eab00000,0x00000000eab00000,0x00000000eaf80000)
  from space 2048K, 93% used [0x00000000eb380000,0x00000000eb55e900,0x00000000eb580000)
  to   space 3072K, 0% used [0x00000000eaf80000,0x00000000eaf80000,0x00000000eb280000)
 ParOldGen       total 174080K, used 151564K [0x00000000c0000000, 0x00000000caa00000, 0x00000000eab00000)
  object space 174080K, 87% used [0x00000000c0000000,0x00000000c9403250,0x00000000caa00000)
 Metaspace       used 88144K, committed 89472K, reserved 1130496K
  class space    used 8597K, committed 9216K, reserved 1048576K
}
Event: 2467.915 GC heap before
{Heap before GC invocations=7719 (full 165):
 PSYoungGen      total 6656K, used 6522K [0x00000000eab00000, 0x00000000eb580000, 0x0000000100000000)
  eden space 4608K, 100% used [0x00000000eab00000,0x00000000eaf80000,0x00000000eaf80000)
  from space 2048K, 93% used [0x00000000eb380000,0x00000000eb55e900,0x00000000eb580000)
  to   space 3072K, 0% used [0x00000000eaf80000,0x00000000eaf80000,0x00000000eb280000)
 ParOldGen       total 174080K, used 151564K [0x00000000c0000000, 0x00000000caa00000, 0x00000000eab00000)
  object space 174080K, 87% used [0x00000000c0000000,0x00000000c9403250,0x00000000caa00000)
 Metaspace       used 88144K, committed 89472K, reserved 1130496K
  class space    used 8597K, committed 9216K, reserved 1048576K
}
Event: 2467.919 GC heap after
{Heap after GC invocations=7719 (full 165):
 PSYoungGen      total 7680K, used 1288K [0x00000000eab00000, 0x00000000eb480000, 0x0000000100000000)
  eden space 4608K, 0% used [0x00000000eab00000,0x00000000eab00000,0x00000000eaf80000)
  from space 3072K, 41% used [0x00000000eaf80000,0x00000000eb0c2220,0x00000000eb280000)
  to   space 2048K, 0% used [0x00000000eb280000,0x00000000eb280000,0x00000000eb480000)
 ParOldGen       total 174080K, used 153373K [0x00000000c0000000, 0x00000000caa00000, 0x00000000eab00000)
  object space 174080K, 88% used [0x00000000c0000000,0x00000000c95c7550,0x00000000caa00000)
 Metaspace       used 88144K, committed 89472K, reserved 1130496K
  class space    used 8597K, committed 9216K, reserved 1048576K
}
Event: 2467.941 GC heap before
{Heap before GC invocations=7720 (full 165):
 PSYoungGen      total 7680K, used 5896K [0x00000000eab00000, 0x00000000eb480000, 0x0000000100000000)
  eden space 4608K, 100% used [0x00000000eab00000,0x00000000eaf80000,0x00000000eaf80000)
  from space 3072K, 41% used [0x00000000eaf80000,0x00000000eb0c2220,0x00000000eb280000)
  to   space 2048K, 0% used [0x00000000eb280000,0x00000000eb280000,0x00000000eb480000)
 ParOldGen       total 174080K, used 153373K [0x00000000c0000000, 0x00000000caa00000, 0x00000000eab00000)
  object space 174080K, 88% used [0x00000000c0000000,0x00000000c95c7550,0x00000000caa00000)
 Metaspace       used 88144K, committed 89472K, reserved 1130496K
  class space    used 8597K, committed 9216K, reserved 1048576K
}
Event: 2467.946 GC heap after
{Heap after GC invocations=7720 (full 165):
 PSYoungGen      total 7680K, used 1504K [0x00000000eab00000, 0x00000000eb480000, 0x0000000100000000)
  eden space 5632K, 0% used [0x00000000eab00000,0x00000000eab00000,0x00000000eb080000)
  from space 2048K, 73% used [0x00000000eb280000,0x00000000eb3f8000,0x00000000eb480000)
  to   space 2048K, 0% used [0x00000000eb080000,0x00000000eb080000,0x00000000eb280000)
 ParOldGen       total 174080K, used 154637K [0x00000000c0000000, 0x00000000caa00000, 0x00000000eab00000)
  object space 174080K, 88% used [0x00000000c0000000,0x00000000c9703400,0x00000000caa00000)
 Metaspace       used 88144K, committed 89472K, reserved 1130496K
  class space    used 8597K, committed 9216K, reserved 1048576K
}
Event: 2467.979 GC heap before
{Heap before GC invocations=7721 (full 165):
 PSYoungGen      total 7680K, used 7136K [0x00000000eab00000, 0x00000000eb480000, 0x0000000100000000)
  eden space 5632K, 100% used [0x00000000eab00000,0x00000000eb080000,0x00000000eb080000)
  from space 2048K, 73% used [0x00000000eb280000,0x00000000eb3f8000,0x00000000eb480000)
  to   space 2048K, 0% used [0x00000000eb080000,0x00000000eb080000,0x00000000eb280000)
 ParOldGen       total 174080K, used 154637K [0x00000000c0000000, 0x00000000caa00000, 0x00000000eab00000)
  object space 174080K, 88% used [0x00000000c0000000,0x00000000c9703400,0x00000000caa00000)
 Metaspace       used 88144K, committed 89472K, reserved 1130496K
  class space    used 8597K, committed 9216K, reserved 1048576K
}
Event: 2467.987 GC heap after
{Heap after GC invocations=7721 (full 165):
 PSYoungGen      total 7680K, used 2035K [0x00000000eab00000, 0x00000000eb700000, 0x0000000100000000)
  eden space 5632K, 0% used [0x00000000eab00000,0x00000000eab00000,0x00000000eb080000)
  from space 2048K, 99% used [0x00000000eb080000,0x00000000eb27cd10,0x00000000eb280000)
  to   space 2560K, 0% used [0x00000000eb480000,0x00000000eb480000,0x00000000eb700000)
 ParOldGen       total 174080K, used 155993K [0x00000000c0000000, 0x00000000caa00000, 0x00000000eab00000)
  object space 174080K, 89% used [0x00000000c0000000,0x00000000c9856520,0x00000000caa00000)
 Metaspace       used 88144K, committed 89472K, reserved 1130496K
  class space    used 8597K, committed 9216K, reserved 1048576K
}
Event: 2468.032 GC heap before
{Heap before GC invocations=7722 (full 165):
 PSYoungGen      total 7680K, used 7667K [0x00000000eab00000, 0x00000000eb700000, 0x0000000100000000)
  eden space 5632K, 100% used [0x00000000eab00000,0x00000000eb080000,0x00000000eb080000)
  from space 2048K, 99% used [0x00000000eb080000,0x00000000eb27cd10,0x00000000eb280000)
  to   space 2560K, 0% used [0x00000000eb480000,0x00000000eb480000,0x00000000eb700000)
 ParOldGen       total 174080K, used 155993K [0x00000000c0000000, 0x00000000caa00000, 0x00000000eab00000)
  object space 174080K, 89% used [0x00000000c0000000,0x00000000c9856520,0x00000000caa00000)
 Metaspace       used 88144K, committed 89472K, reserved 1130496K
  class space    used 8597K, committed 9216K, reserved 1048576K
}
Event: 2468.038 GC heap after
{Heap after GC invocations=7722 (full 165):
 PSYoungGen      total 9728K, used 2067K [0x00000000eab00000, 0x00000000eb700000, 0x0000000100000000)
  eden space 7168K, 0% used [0x00000000eab00000,0x00000000eab00000,0x00000000eb200000)
  from space 2560K, 80% used [0x00000000eb480000,0x00000000eb684d30,0x00000000eb700000)
  to   space 2560K, 0% used [0x00000000eb200000,0x00000000eb200000,0x00000000eb480000)
 ParOldGen       total 174080K, used 157957K [0x00000000c0000000, 0x00000000caa00000, 0x00000000eab00000)
  object space 174080K, 90% used [0x00000000c0000000,0x00000000c9a415f0,0x00000000caa00000)
 Metaspace       used 88144K, committed 89472K, reserved 1130496K
  class space    used 8597K, committed 9216K, reserved 1048576K
}
Event: 2468.089 GC heap before
{Heap before GC invocations=7723 (full 165):
 PSYoungGen      total 9728K, used 9235K [0x00000000eab00000, 0x00000000eb700000, 0x0000000100000000)
  eden space 7168K, 100% used [0x00000000eab00000,0x00000000eb200000,0x00000000eb200000)
  from space 2560K, 80% used [0x00000000eb480000,0x00000000eb684d30,0x00000000eb700000)
  to   space 2560K, 0% used [0x00000000eb200000,0x00000000eb200000,0x00000000eb480000)
 ParOldGen       total 174080K, used 157957K [0x00000000c0000000, 0x00000000caa00000, 0x00000000eab00000)
  object space 174080K, 90% used [0x00000000c0000000,0x00000000c9a415f0,0x00000000caa00000)
 Metaspace       used 88144K, committed 89472K, reserved 1130496K
  class space    used 8597K, committed 9216K, reserved 1048576K
}
Event: 2468.095 GC heap after
{Heap after GC invocations=7723 (full 165):
 PSYoungGen      total 9728K, used 2249K [0x00000000eab00000, 0x00000000eb800000, 0x0000000100000000)
  eden space 7168K, 0% used [0x00000000eab00000,0x00000000eab00000,0x00000000eb200000)
  from space 2560K, 87% used [0x00000000eb200000,0x00000000eb432400,0x00000000eb480000)
  to   space 2560K, 0% used [0x00000000eb580000,0x00000000eb580000,0x00000000eb800000)
 ParOldGen       total 174080K, used 159899K [0x00000000c0000000, 0x00000000caa00000, 0x00000000eab00000)
  object space 174080K, 91% used [0x00000000c0000000,0x00000000c9c26c50,0x00000000caa00000)
 Metaspace       used 88144K, committed 89472K, reserved 1130496K
  class space    used 8597K, committed 9216K, reserved 1048576K
}
Event: 2468.368 GC heap before
{Heap before GC invocations=7724 (full 165):
 PSYoungGen      total 9728K, used 9417K [0x00000000eab00000, 0x00000000eb800000, 0x0000000100000000)
  eden space 7168K, 100% used [0x00000000eab00000,0x00000000eb200000,0x00000000eb200000)
  from space 2560K, 87% used [0x00000000eb200000,0x00000000eb432400,0x00000000eb480000)
  to   space 2560K, 0% used [0x00000000eb580000,0x00000000eb580000,0x00000000eb800000)
 ParOldGen       total 174080K, used 159899K [0x00000000c0000000, 0x00000000caa00000, 0x00000000eab00000)
  object space 174080K, 91% used [0x00000000c0000000,0x00000000c9c26c50,0x00000000caa00000)
 Metaspace       used 88144K, committed 89472K, reserved 1130496K
  class space    used 8597K, committed 9216K, reserved 1048576K
}
Event: 2468.372 GC heap after
{Heap after GC invocations=7724 (full 165):
 PSYoungGen      total 9728K, used 1044K [0x00000000eab00000, 0x00000000eb700000, 0x0000000100000000)
  eden space 8192K, 0% used [0x00000000eab00000,0x00000000eab00000,0x00000000eb300000)
  from space 1536K, 68% used [0x00000000eb580000,0x00000000eb685200,0x00000000eb700000)
  to   space 1536K, 0% used [0x00000000eb400000,0x00000000eb400000,0x00000000eb580000)
 ParOldGen       total 174080K, used 162055K [0x00000000c0000000, 0x00000000caa00000, 0x00000000eab00000)
  object space 174080K, 93% used [0x00000000c0000000,0x00000000c9e41cd0,0x00000000caa00000)
 Metaspace       used 88144K, committed 89472K, reserved 1130496K
  class space    used 8597K, committed 9216K, reserved 1048576K
}
Event: 2469.321 GC heap before
{Heap before GC invocations=7725 (full 165):
 PSYoungGen      total 9728K, used 9236K [0x00000000eab00000, 0x00000000eb700000, 0x0000000100000000)
  eden space 8192K, 100% used [0x00000000eab00000,0x00000000eb300000,0x00000000eb300000)
  from space 1536K, 68% used [0x00000000eb580000,0x00000000eb685200,0x00000000eb700000)
  to   space 1536K, 0% used [0x00000000eb400000,0x00000000eb400000,0x00000000eb580000)
 ParOldGen       total 174080K, used 162055K [0x00000000c0000000, 0x00000000caa00000, 0x00000000eab00000)
  object space 174080K, 93% used [0x00000000c0000000,0x00000000c9e41cd0,0x00000000caa00000)
 Metaspace       used 88145K, committed 89472K, reserved 1130496K
  class space    used 8597K, committed 9216K, reserved 1048576K
}
Event: 2469.324 GC heap after
{Heap after GC invocations=7725 (full 165):
 PSYoungGen      total 9728K, used 1300K [0x00000000eab00000, 0x00000000eb600000, 0x0000000100000000)
  eden space 8192K, 0% used [0x00000000eab00000,0x00000000eab00000,0x00000000eb300000)
  from space 1536K, 84% used [0x00000000eb400000,0x00000000eb545200,0x00000000eb580000)
  to   space 512K, 0% used [0x00000000eb580000,0x00000000eb580000,0x00000000eb600000)
 ParOldGen       total 174080K, used 163053K [0x00000000c0000000, 0x00000000caa00000, 0x00000000eab00000)
  object space 174080K, 93% used [0x00000000c0000000,0x00000000c9f3b660,0x00000000caa00000)
 Metaspace       used 88145K, committed 89472K, reserved 1130496K
  class space    used 8597K, committed 9216K, reserved 1048576K
}
Event: 2469.524 GC heap before
{Heap before GC invocations=7726 (full 165):
 PSYoungGen      total 9728K, used 9492K [0x00000000eab00000, 0x00000000eb600000, 0x0000000100000000)
  eden space 8192K, 100% used [0x00000000eab00000,0x00000000eb300000,0x00000000eb300000)
  from space 1536K, 84% used [0x00000000eb400000,0x00000000eb545200,0x00000000eb580000)
  to   space 512K, 0% used [0x00000000eb580000,0x00000000eb580000,0x00000000eb600000)
 ParOldGen       total 174080K, used 163053K [0x00000000c0000000, 0x00000000caa00000, 0x00000000eab00000)
  object space 174080K, 93% used [0x00000000c0000000,0x00000000c9f3b660,0x00000000caa00000)
 Metaspace       used 88145K, committed 89472K, reserved 1130496K
  class space    used 8597K, committed 9216K, reserved 1048576K
}

